"../../../Engine/Content/EditorResources/S_Actor.uasset" 0
"../../../Engine/Content/EngineResources/AICON-Red.uasset" 1
"../../../Engine/Content/EngineResources/AICON-Green.uasset" 2
"../../../Engine/Content/EngineFonts/Roboto.uasset" 3
"../../../Engine/Content/Functions/Engine_MaterialFunctions01/Shading/PowerToRoughness.uasset" 4
"../../../Engine/Content/Functions/Engine_MaterialFunctions01/Shading/ConvertFromDiffSpec.uasset" 5
"../../../Engine/Content/EngineMaterials/DefaultDiffuse.uasset" 6
"../../../Engine/Content/EngineMaterials/DefaultDeferredDecalMaterial.uasset" 7
"../../../Engine/Content/EngineMaterials/DefaultLightFunctionMaterial.uasset" 8
"../../../Engine/Content/Functions/Engine_MaterialFunctions02/Utility/BreakOutFloat2Components.uasset" 9
"../../../Engine/Content/EngineMaterials/DefaultPostProcessMaterial.uasset" 10
"../../../Engine/Content/EngineResources/DefaultTexture.uasset" 11
"../../../Engine/Content/Functions/Engine_MaterialFunctions01/Texturing/ScaleUVsByCenter.uasset" 12
"../../../Engine/Content/Functions/Engine_MaterialFunctions02/ScreenResolution.uasset" 13
"../../../Engine/Content/Functions/Engine_MaterialFunctions02/Texturing/ScreenAlignedUVs.uasset" 14
"../../../Engine/Content/EngineResources/WhiteSquareTexture.uasset" 15
"../../../Engine/Content/EngineMaterials/Widget3DPassThrough.uasset" 16
"../../../Engine/Content/EngineMaterials/Widget3DPassThrough_Translucent.uasset" 17
"../../../Engine/Content/EngineMaterials/Widget3DPassThrough_Translucent_OneSided.uasset" 18
"../../../Engine/Content/EngineMaterials/Widget3DPassThrough_Opaque.uasset" 19
"../../../Engine/Content/EngineMaterials/Widget3DPassThrough_Opaque_OneSided.uasset" 20
"../../../Engine/Content/EngineMaterials/Widget3DPassThrough_Masked.uasset" 21
"../../../Engine/Content/EngineMaterials/Widget3DPassThrough_Masked_OneSided.uasset" 22
"../../../Engine/Content/Maps/Templates/Thumbnails/Default.uasset" 23
"../../../Engine/Content/Maps/Templates/Thumbnails/VR-Basic.uasset" 24
"../../../Engine/Content/EditorMaterials/ParticleSystems/PSysThumbnail_NoImage.uasset" 25
"../../../Engine/Content/EditorMaterials/ParticleSystems/PSysThumbnail_OOD.uasset" 26
"../../../Engine/Content/EditorLandscapeResources/DataLayer.uasset" 27
"../../../Engine/Content/EngineDamageTypes/DmgTypeBP_Environmental.uasset" 28
"../../../Engine/Content/EngineMeshes/Sphere.uasset" 29
"../../../Engine/Content/EngineFonts/RobotoDistanceField.uasset" 30
"../../../Engine/Content/EngineMaterials/DefaultTextMaterialOpaque.uasset" 31
"../../../Engine/Content/EditorResources/S_Trigger.uasset" 32
"../../../Engine/Content/EngineResources/GradientTexture0.uasset" 33
"../../../Engine/Content/EngineResources/Black.uasset" 34
"../../../Engine/Content/EditorMaterials/MatineeGroups/MAT_Groups_Float.uasset" 35
"../../../Engine/Content/EditorMaterials/MatineeGroups/MAT_Groups_Director.uasset" 36
"../../../Engine/Content/EditorMaterials/MatineeGroups/MAT_Groups_Event.uasset" 37
"../../../Engine/Content/EditorMaterials/MatineeGroups/MAT_Groups_Anim.uasset" 38
"../../../Engine/Content/EditorMaterials/MatineeGroups/MAT_Groups_Fade.uasset" 39
"../../../Engine/Content/EditorMaterials/MatineeGroups/MAT_Groups_Move.uasset" 40
"../../../Engine/Content/EditorMaterials/MatineeGroups/MAT_Groups_Slomo.uasset" 41
"../../../Engine/Content/EditorMaterials/MatineeGroups/MAT_ColorTrack.uasset" 42
"../../../Engine/Content/EditorMaterials/MAT_Groups_Toggle.uasset" 43
"../../../Engine/Content/EditorMaterials/MatineeGroups/MAT_Groups_AudioMaster.uasset" 44
"../../../Engine/Content/EditorMaterials/MatineeGroups/MAT_Groups_Sound.uasset" 45
"../../../Engine/Content/EditorMaterials/MatineeGroups/MAT_Groups_Vector.uasset" 46
"../../../Engine/Content/EditorMaterials/MAT_Groups_Visibility.uasset" 47
"../../../Engine/Content/EngineResources/DefaultTextureCube.uasset" 48
"../../../Engine/Content/Functions/Engine_MaterialFunctions01/Opacity/CameraDepthFade.uasset" 49
"../../../Engine/Content/EngineMaterials/T_Default_Material_Grid_M.uasset" 50
"../../../Engine/Content/EngineMaterials/T_Default_Material_Grid_N.uasset" 51
"../../../Engine/Content/EngineMaterials/DefaultMaterial.uasset" 52
"../../../Engine/Content/EngineMeshes/Cylinder.uasset" 53
"../../../Engine/Content/EngineTireTypes/DefaultTireType.uasset" 54
"../../../Engine/Content/EditorMaterials/Camera/CineMat.uasset" 55
"../../../Engine/Content/EditorMaterials/Camera/MI_CineMat_Rig.uasset" 56
"../../../Engine/Content/EditorMeshes/Camera/SM_CraneRig_Base.uasset" 57
"../../../Engine/Content/EditorMeshes/Camera/SM_CraneRig_Arm.uasset" 58
"../../../Engine/Content/EditorMeshes/Camera/SM_CraneRig_Mount.uasset" 59
"../../../Engine/Content/EditorMeshes/Camera/SM_CraneRig_Body.uasset" 60
"../../../Engine/Content/EditorMeshes/Camera/SM_RailRig_Track.uasset" 61
"../../../Engine/Content/EditorMeshes/Camera/SM_RailRig_Mount.uasset" 62
"../../../Engine/Content/VREditor/LaserPointer/VR_LaserPower_01.uasset" 63
"../../../Engine/Content/VREditor/TransformGizmo/TransformGizmoMaterial.uasset" 64
"../../../Engine/Content/VREditor/TransformGizmo/TranslucentTransformGizmoMaterial.uasset" 65
"../../../Engine/Content/VREditor/TransformGizmo/TranslationHandle.uasset" 66
"../../../Engine/Content/VREditor/TransformGizmo/PlaneTranslationHandle.uasset" 67
"../../../Engine/Content/VREditor/TransformGizmo/RotationHandle.uasset" 68
"../../../Engine/Content/VREditor/TransformGizmo/StretchingHandle.uasset" 69
"../../../Engine/Content/VREditor/TransformGizmo/BoundingBoxCorner.uasset" 70
"../../../Engine/Content/VREditor/TransformGizmo/BoundingBoxEdge.uasset" 71
"../../../Engine/Content/VREditor/TransformGizmo/UniformScaleHandle.uasset" 72
"../../../Engine/Content/VREditor/FloatingText/LineMaterial.uasset" 73
"../../../Engine/Content/VREditor/FloatingText/LineSegmentCylinder.uasset" 74
"../../../Engine/Content/VREditor/FloatingText/JointSphere.uasset" 75
"../../../Engine/Content/VREditor/Fonts/VRText_RobotoLarge.uasset" 76
"../../../Engine/Content/VREditor/Fonts/VRTextMaterial.uasset" 77
"../../../Engine/Content/VREditor/Fonts/TranslucentVRTextMaterial.uasset" 78
"../../../Engine/Content/VREditor/UI/SelectionBarMesh.uasset" 79
"../../../Engine/Content/VREditor/UI/CloseButtonMesh.uasset" 80
"../../../Engine/Content/Tutorial/ContentIntroCurve.uasset" 81
"../../../Engine/Plugins/2D/Paper2D/Content/PlaceholderTextures/DummySpriteTexture.uasset" 82
"../../../Engine/Plugins/2D/Paper2D/Content/DefaultSpriteMaterial.uasset" 83
"../../../Engine/Plugins/2D/Paper2D/Content/MaskedUnlitSpriteMaterial.uasset" 84
"../../../Engine/Plugins/2D/Paper2D/Content/OpaqueUnlitSpriteMaterial.uasset" 85
"../../../Engine/Plugins/2D/Paper2D/Content/DummySprite.uasset" 86
"../../../Engine/Plugins/2D/Paper2D/Content/DefaultPaperTerrainMaterial.uasset" 87
"../../../Engine/Content/EngineMaterials/RemoveSurfaceMaterial.uasset" 88
"../../../Engine/Content/EngineDebugMaterials/DebugMeshMaterial.uasset" 89
"../../../Engine/Content/EngineMaterials/InvalidLightmapSettings.uasset" 90
"../../../Engine/Content/EngineMaterials/M_InvalidLightmapSettings.uasset" 91
"../../../Engine/Content/EditorMaterials/GizmoMaterial.uasset" 92
"../../../Engine/Content/EngineMaterials/Good64x64TilingNoiseHighFreq.uasset" 93
"../../../Engine/Content/EngineMaterials/DefaultBokeh.uasset" 94
"../../../Engine/Content/EngineMaterials/PreintegratedSkinBRDF.uasset" 95
"../../../Engine/Content/EngineMaterials/MiniFont.uasset" 96
"../../../Engine/Content/EngineMaterials/WeightMapPlaceholderTexture.uasset" 97
"../../../Engine/Content/EngineMaterials/DefaultWhiteGrid.uasset" 98
"../../../Engine/Content/EngineMaterials/DefaultPhysicalMaterial.uasset" 99
"../../../Engine/Content/EngineFonts/RobotoTiny.uasset" 100
"../../../Engine/Content/EditorSounds/Notifications/CompileSuccess.uasset" 101
"../../../Engine/Content/EditorSounds/Notifications/CompileStart_Cue.uasset" 102
"../../../Engine/Content/EditorSounds/Notifications/CompileSuccess_Cue.uasset" 103
"../../../Engine/Content/EditorSounds/Notifications/CompileFailed.uasset" 104
"../../../Engine/Content/EditorSounds/Notifications/CompileFailed_Cue.uasset" 105
"../../../Engine/Content/MobileResources/HUD/MobileHUDButton3.uasset" 106
"../../../Engine/Content/MobileResources/HUD/MobileHUDButton2_off.uasset" 107
"../../../Engine/Content/MobileResources/HUD/MobileHUDDirectionPad3.uasset" 108
"../../../Engine/Content/MobileResources/HUD/MobileHUDDirectionPad.uasset" 109
"../../../Engine/Content/MobileResources/HUD/MobileHUDDirectionPad2.uasset" 110
"../../../Engine/Content/MobileResources/HUD/T_Castle_ThumbstickInner.uasset" 111
"../../../Engine/Content/MobileResources/HUD/VirtualJoystick_Background.uasset" 112
"../../../Engine/Content/MobileResources/HUD/VirtualJoystick_Thumb.uasset" 113
"../../../Engine/Content/MobileResources/HUD/LeftVirtualJoystickOnly.uasset" 114
"../../../FrogGame/Content/Mannequin/Character/Mesh/UE4_Mannequin_Skeleton.uasset" 115
"../../../FrogGame/Content/Mannequin/Animations/ThirdPerson_Jump.uasset" 116
"../../../FrogGame/Content/Mannequin/Animations/ThirdPersonJump_Loop.uasset" 117
"../../../FrogGame/Content/Mannequin/Animations/ThirdPersonJump_Start.uasset" 118
"../../../FrogGame/Content/Mannequin/Animations/ThirdPersonIdle.uasset" 119
"../../../FrogGame/Content/Mannequin/Animations/ThirdPersonRun.uasset" 120
"../../../FrogGame/Content/Mannequin/Animations/ThirdPersonWalk.uasset" 121
"../../../FrogGame/Content/Mannequin/Animations/ThirdPerson_IdleRun_2D.uasset" 122
"../../../Engine/Content/EditorBlueprintResources/StandardMacros.uasset" 123
"../../../FrogGame/Content/Mannequin/Animations/ThirdPerson_AnimBP.uasset" 124
"../../../Engine/Content/Functions/Engine_MaterialFunctions02/Utility/BlendAngleCorrectedNormals.uasset" 125
"../../../Engine/Content/Functions/MaterialLayerFunctions/MatLayerBlend_NormalBlend.uasset" 126
"../../../Engine/Content/Functions/MaterialLayerFunctions/MatLayerBlend_Simple.uasset" 127
"../../../FrogGame/Content/Mannequin/Character/Materials/MaterialLayers/T_ML_Rubber_Blue_01_D.uasset" 128
"../../../FrogGame/Content/Mannequin/Character/Materials/MaterialLayers/T_ML_Rubber_Blue_01_N.uasset" 129
"../../../FrogGame/Content/Mannequin/Character/Materials/MaterialLayers/ML_GlossyBlack_Latex_UE4.uasset" 130
"../../../FrogGame/Content/Mannequin/Character/Materials/MaterialLayers/ML_Plastic_Shiny_Beige.uasset" 131
"../../../FrogGame/Content/Mannequin/Character/Textures/UE4_LOGO_CARD.uasset" 132
"../../../FrogGame/Content/Mannequin/Character/Materials/MaterialLayers/ML_Plastic_Shiny_Beige_LOGO.uasset" 133
"../../../FrogGame/Content/Mannequin/Character/Materials/MaterialLayers/T_ML_Aluminum01.uasset" 134
"../../../FrogGame/Content/Mannequin/Character/Materials/MaterialLayers/T_ML_Aluminum01_N.uasset" 135
"../../../FrogGame/Content/Mannequin/Character/Materials/MaterialLayers/ML_SoftMetal_UE4.uasset" 136
"../../../FrogGame/Content/Mannequin/Character/Textures/UE4_Mannequin__normals.uasset" 137
"../../../FrogGame/Content/Mannequin/Character/Textures/UE4_Mannequin_MAT_MASKA.uasset" 138
"../../../FrogGame/Content/Mannequin/Character/Materials/M_UE4Man_Body.uasset" 139
"../../../FrogGame/Content/Mannequin/Character/Textures/UE4Man_Logo_N.uasset" 140
"../../../FrogGame/Content/Mannequin/Character/Materials/M_UE4Man_ChestLogo.uasset" 141
"../../../FrogGame/Content/Mannequin/Character/Mesh/SK_Mannequin_PhysicsAsset.uasset" 142
"../../../FrogGame/Content/Mannequin/Character/Mesh/SK_Mannequin.uasset" 143
"../../../FrogGame/Content/ThirdPersonBP/Blueprints/ThirdPersonCharacter.uasset" 144
"../../../FrogGame/Content/ThirdPersonBP/Blueprints/ThirdPersonGameMode.uasset" 145
"../../../Engine/Content/MobileResources/T_MobileMenu2.uasset" 146
"../../../Engine/Content/MobileResources/HUD/DefaultVirtualJoysticks.uasset" 147
"../../../Engine/Content/MobileResources/HUD/MobileHUDButtonFire.uasset" 148
"../../../Engine/Content/MobileResources/HUD/MobileHUDDirectionStick.uasset" 149
"../../../Engine/Content/MobileResources/HUD/MobileHUDButton2_on.uasset" 150
"../../../Engine/Content/MobileResources/HUD/T_Castle_ThumbstickOutter.uasset" 151
"../../../Engine/Content/EditorResources/EmptyActor.uasset" 152
"../../../Engine/Content/MobileResources/HUD/AnalogHat.uasset" 153
"../../../Engine/Content/MobileResources/HUD/MobileHUDButton1_off.uasset" 154
"../../../FrogGame/Content/Mannequin/Animations/ThirdPersonJump_End.uasset" 155
"../../../Engine/Content/MobileResources/T_MobileControls_texture.uasset" 156
"../../../Engine/Content/MobileResources/HUD/MobileHUDButton1_on.uasset" 157
"../../../Engine/Content/BasicShapes/Cone.uasset" 158
"../../../Engine/Content/EngineMaterials/WorldGridMaterial.uasset" 159
"../../../Engine/Content/BasicShapes/Cube.uasset" 160
"../../../Engine/Content/BasicShapes/Cylinder.uasset" 161
"../../../Engine/Content/BasicShapes/Sphere.uasset" 162
"../../../Engine/Content/EditorMaterials/PhAT_JointLimitMaterial.uasset" 163
"../../../Engine/Content/EditorMaterials/PreviewShadowIndicator.uasset" 164
"../../../Engine/Content/EditorMaterials/PreviewShadowIndicatorMaterial.uasset" 165
"../../../Engine/Content/EditorResources/BSPVertex.uasset" 166
"../../../Engine/Content/EngineDebugMaterials/HeatmapGradient.uasset" 167
"../../../Engine/Content/EngineDebugMaterials/BoneWeightMaterial.uasset" 168
"../../../Engine/Content/EngineDebugMaterials/GeomMaterial.uasset" 169
"../../../Engine/Content/EngineMaterials/EditorBrushMaterial.uasset" 170
"../../../Engine/Content/EngineMeshes/Cube.uasset" 171
"../../../Engine/Content/Tutorial/Basics/TutorialAssets/icon_tab_Levels_40x.uasset" 172
"../../../Engine/Content/Tutorial/BlueprintTutorials/TutorialAssets/BlueprintInterface_64x.uasset" 173
"../../../Engine/Content/Tutorial/BlueprintTutorials/TutorialAssets/BlueprintMacroLibrary_64x.uasset" 174
"../../../Engine/Content/Tutorial/BlueprintTutorials/TutorialAssets/Blueprint_64x.uasset" 175
"../../../Engine/Content/Tutorial/BlueprintTutorials/TutorialAssets/Tutorial_BP_Interface.uasset" 176
"../../../Engine/Content/Tutorial/Foliage/TutorialAssets/Foliage.uasset" 177
"../../../Engine/Content/Tutorial/Landscape/TutorialAssets/Landscape.uasset" 178
"../../../Engine/Content/Tutorial/Paper2D/TutorialAssets/Paper2DFlipbook_TutorialIcon.uasset" 179
"../../../Engine/Content/Tutorial/Paper2D/TutorialAssets/Paper2DSprite_TutorialIcon.uasset" 180
"../../../Engine/Content/Tutorial/SubEditors/TutorialAssets/icon_Editor_Preferences_General_40x.uasset" 181
"../../../Engine/Content/Tutorial/SubEditors/TutorialAssets/icon_ShowSkeletalMeshes_40x.uasset" 182
"../../../Engine/Content/Tutorial/SubEditors/TutorialAssets/TutorialMaterial.uasset" 183
"../../../Engine/Content/Tutorial/SubEditors/TutorialAssets/T_SmokeSubUV_8X8.uasset" 184
"../../../Engine/Content/Tutorial/SubEditors/TutorialAssets/T_soft_smoke.uasset" 185
"../../../Engine/Content/Tutorial/SubEditors/TutorialAssets/M_smoke_subUV_blackbody.uasset" 186
"../../../Engine/Content/Tutorial/SubEditors/TutorialAssets/TutorialParticleSystem.uasset" 187
"../../../Engine/Content/EditorMeshes/EditorCube.uasset" 188
"../../../Engine/Content/Tutorial/SubEditors/TutorialAssets/Tutorial_DM.uasset" 189
"../../../Engine/Content/EngineSky/C_Sky_Cloud_Color.uasset" 190
"../../../Engine/Content/EngineSky/C_Sky_Horizon_Color.uasset" 191
"../../../Engine/Content/EngineSky/C_Sky_Zenith_Color.uasset" 192
"../../../Engine/Content/EngineSky/T_Sky_Blue.uasset" 193
"../../../Engine/Content/EngineSky/T_Sky_Clouds_M.uasset" 194
"../../../Engine/Content/EngineSky/T_Sky_Stars.uasset" 195
"../../../Engine/Content/EngineSky/M_Sky_Panning_Clouds2.uasset" 196
"../../../Engine/Content/EngineSky/SM_SkySphere.uasset" 197
"../../../Engine/Content/EngineSky/BP_Sky_Sphere.uasset" 198
"../../../Engine/Content/Functions/Engine_MaterialFunctions03/Procedurals/ComputeFilterWidth.uasset" 199
"../../../Engine/Content/EngineMaterials/AntiAliasedTextMaterialTranslucent.uasset" 200
"../../../FrogGame/Content/Geometry/Meshes/CubeMaterial.uasset" 201
"../../../FrogGame/Content/Geometry/Meshes/1M_Cube.uasset" 202
"../../../FrogGame/Content/Geometry/Meshes/1M_Cube_Chamfer.uasset" 203
"../../../FrogGame/Content/Geometry/Meshes/TemplateFloor.uasset" 204
"../../../FrogGame/Content/ThirdPerson/Meshes/RampMaterial.uasset" 205
"../../../FrogGame/Content/ThirdPerson/Meshes/Bump_StaticMesh.uasset" 206
"../../../FrogGame/Content/ThirdPerson/Meshes/LeftArm_StaticMesh.uasset" 207
"../../../FrogGame/Content/ThirdPerson/Meshes/Linear_Stair_StaticMesh.uasset" 208
"../../../FrogGame/Content/ThirdPerson/Meshes/Ramp_StaticMesh.uasset" 209
"../../../FrogGame/Content/ThirdPerson/Meshes/RightArm_StaticMesh.uasset" 210
"../../../FrogGame/Content/ThirdPersonBP/Maps/ThirdPersonExampleMap.umap" 211
"../../../Engine/Content/EngineMaterials/DefaultNormal.uasset" 212
"../../../Engine/Content/Maps/Entry.umap" 213
