Log file open, 02/03/17 06:35:13
LogInit:Display: Running engine for game: FrogGame
LogPlatformFile: Not using cached read wrapper
LogInit:Display: RandInit(610522485) SRandInit(610522485).
LogTaskGraph: Started task graph with 5 named threads and 8 total threads with 1 sets of task threads.
LogStats: Stats thread started at 0.597277
LogPluginManager: Loaded Plugin Paper2D, From C:/Program Files (x86)/Epic Games/4.14/Engine/Plugins/2D/Paper2D/Paper2D.uplugin
LogPluginManager: Loaded Plugin LightPropagationVolume, From C:/Program Files (x86)/Epic Games/4.14/Engine/Plugins/Blendables/LightPropagationVolume/LightPropagationVolume.uplugin
LogPluginManager: Loaded Plugin BlankPlugin, From C:/Program Files (x86)/Epic Games/4.14/Engine/Plugins/Developer/BlankPlugin/BlankPlugin.uplugin
LogPluginManager: Loaded Plugin CodeLiteSourceCodeAccess, From C:/Program Files (x86)/Epic Games/4.14/Engine/Plugins/Developer/CodeLiteSourceCodeAccess/CodeLiteSourceCodeAccess.uplugin
LogPluginManager: Loaded Plugin GitSourceControl, From C:/Program Files (x86)/Epic Games/4.14/Engine/Plugins/Developer/GitSourceControl/GitSourceControl.uplugin
LogPluginManager: Loaded Plugin KDevelopSourceCodeAccess, From C:/Program Files (x86)/Epic Games/4.14/Engine/Plugins/Developer/KDevelopSourceCodeAccess/KDevelopSourceCodeAccess.uplugin
LogPluginManager: Loaded Plugin NullSourceCodeAccess, From C:/Program Files (x86)/Epic Games/4.14/Engine/Plugins/Developer/NullSourceCodeAccess/NullSourceCodeAccess.uplugin
LogPluginManager: Loaded Plugin OneSkyLocalizationService, From C:/Program Files (x86)/Epic Games/4.14/Engine/Plugins/Developer/OneSkyLocalizationService/OneSkyLocalizationService.uplugin
LogPluginManager: Loaded Plugin PerforceSourceControl, From C:/Program Files (x86)/Epic Games/4.14/Engine/Plugins/Developer/PerforceSourceControl/PerforceSourceControl.uplugin
LogPluginManager: Loaded Plugin SubversionSourceControl, From C:/Program Files (x86)/Epic Games/4.14/Engine/Plugins/Developer/SubversionSourceControl/SubversionSourceControl.uplugin
LogPluginManager: Loaded Plugin UObjectPlugin, From C:/Program Files (x86)/Epic Games/4.14/Engine/Plugins/Developer/UObjectPlugin/UObjectPlugin.uplugin
LogPluginManager: Loaded Plugin VisualStudioSourceCodeAccess, From C:/Program Files (x86)/Epic Games/4.14/Engine/Plugins/Developer/VisualStudioSourceCodeAccess/VisualStudioSourceCodeAccess.uplugin
LogPluginManager: Loaded Plugin XCodeSourceCodeAccess, From C:/Program Files (x86)/Epic Games/4.14/Engine/Plugins/Developer/XCodeSourceCodeAccess/XCodeSourceCodeAccess.uplugin
LogPluginManager: Loaded Plugin AudioCapture, From C:/Program Files (x86)/Epic Games/4.14/Engine/Plugins/Editor/AudioCapture/AudioCapture.uplugin
LogPluginManager: Loaded Plugin EpicSurvey, From C:/Program Files (x86)/Epic Games/4.14/Engine/Plugins/Editor/EpicSurvey/EpicSurvey.uplugin
LogPluginManager: Loaded Plugin MacGraphicsSwitching, From C:/Program Files (x86)/Epic Games/4.14/Engine/Plugins/Editor/MacGraphicsSwitching/MacGraphicsSwitching.uplugin
LogPluginManager: Loaded Plugin MobileLauncherProfileWizard, From C:/Program Files (x86)/Epic Games/4.14/Engine/Plugins/Editor/MobileLauncherProfileWizard/MobileLauncherProfileWizard.uplugin
LogPluginManager: Loaded Plugin PluginBrowser, From C:/Program Files (x86)/Epic Games/4.14/Engine/Plugins/Editor/PluginBrowser/PluginBrowser.uplugin
LogPluginManager: Loaded Plugin SpeedTreeImporter, From C:/Program Files (x86)/Epic Games/4.14/Engine/Plugins/Editor/SpeedTreeImporter/SpeedTreeImporter.uplugin
LogPluginManager: Loaded Plugin SuperSearchEditor, From C:/Program Files (x86)/Epic Games/4.14/Engine/Plugins/Editor/SuperSearchEditor/SuperSearchEditor.uplugin
LogPluginManager: Loaded Plugin AlembicImporter, From C:/Program Files (x86)/Epic Games/4.14/Engine/Plugins/Experimental/AlembicImporter/AlembicImporter.uplugin
LogPluginManager: Loaded Plugin BlueprintStats, From C:/Program Files (x86)/Epic Games/4.14/Engine/Plugins/Experimental/BlueprintStats/BlueprintStats.uplugin
LogPluginManager: Loaded Plugin CharacterAI, From C:/Program Files (x86)/Epic Games/4.14/Engine/Plugins/Experimental/CharacterAI/CharacterAI.uplugin
LogPluginManager: Loaded Plugin CodeEditor, From C:/Program Files (x86)/Epic Games/4.14/Engine/Plugins/Experimental/CodeEditor/CodeEditor.uplugin
LogPluginManager: Loaded Plugin CodeView, From C:/Program Files (x86)/Epic Games/4.14/Engine/Plugins/Experimental/CodeView/CodeView.uplugin
LogPluginManager: Loaded Plugin HTML5Networking, From C:/Program Files (x86)/Epic Games/4.14/Engine/Plugins/Experimental/HTML5Networking/HTML5Networking.uplugin
LogPluginManager: Loaded Plugin OSVR, From C:/Program Files (x86)/Epic Games/4.14/Engine/Plugins/Experimental/OSVR/OSVR.uplugin
LogPluginManager: Loaded Plugin Phya, From C:/Program Files (x86)/Epic Games/4.14/Engine/Plugins/Experimental/Phya/Phya.uplugin
LogPluginManager: Loaded Plugin SignificanceManager, From C:/Program Files (x86)/Epic Games/4.14/Engine/Plugins/Experimental/SignificanceManager/SignificanceManager.uplugin
LogPluginManager: Loaded Plugin SimpleHMD, From C:/Program Files (x86)/Epic Games/4.14/Engine/Plugins/Experimental/SimpleHMD/SimpleHMD.uplugin
LogPluginManager: Loaded Plugin StereoPanorama, From C:/Program Files (x86)/Epic Games/4.14/Engine/Plugins/Experimental/StereoPanorama/StereoPanorama.uplugin
LogPluginManager: Loaded Plugin StructBox, From C:/Program Files (x86)/Epic Games/4.14/Engine/Plugins/Experimental/StructBox/StructBox.uplugin
LogPluginManager: Loaded Plugin AndroidMedia, From C:/Program Files (x86)/Epic Games/4.14/Engine/Plugins/Media/AndroidMedia/AndroidMedia.uplugin
LogPluginManager: Loaded Plugin AvfMedia, From C:/Program Files (x86)/Epic Games/4.14/Engine/Plugins/Media/AvfMedia/AvfMedia.uplugin
LogPluginManager: Loaded Plugin MediaPlayerEditor, From C:/Program Files (x86)/Epic Games/4.14/Engine/Plugins/Media/MediaPlayerEditor/MediaPlayerEditor.uplugin
LogPluginManager: Loaded Plugin WmfMedia, From C:/Program Files (x86)/Epic Games/4.14/Engine/Plugins/Media/WmfMedia/WmfMedia.uplugin
LogPluginManager: Loaded Plugin MessagingDebugger, From C:/Program Files (x86)/Epic Games/4.14/Engine/Plugins/Messaging/MessagingDebugger/MessagingDebugger.uplugin
LogPluginManager: Loaded Plugin TcpMessaging, From C:/Program Files (x86)/Epic Games/4.14/Engine/Plugins/Messaging/TcpMessaging/TcpMessaging.uplugin
LogPluginManager: Loaded Plugin UdpMessaging, From C:/Program Files (x86)/Epic Games/4.14/Engine/Plugins/Messaging/UdpMessaging/UdpMessaging.uplugin
LogPluginManager: Loaded Plugin LevelSequenceEditor, From C:/Program Files (x86)/Epic Games/4.14/Engine/Plugins/MovieScene/LevelSequenceEditor/LevelSequenceEditor.uplugin
LogPluginManager: Loaded Plugin MatineeToLevelSequence, From C:/Program Files (x86)/Epic Games/4.14/Engine/Plugins/MovieScene/MatineeToLevelSequence/MatineeToLevelSequence.uplugin
LogPluginManager: Loaded Plugin NetcodeUnitTest, From C:/Program Files (x86)/Epic Games/4.14/Engine/Plugins/NetcodeUnitTest/NetcodeUnitTest/NetcodeUnitTest.uplugin
LogPluginManager: Loaded Plugin NUTUnrealEngine4, From C:/Program Files (x86)/Epic Games/4.14/Engine/Plugins/NetcodeUnitTest/NUTUnrealEngine4/NUTUnrealEngine4.uplugin
LogPluginManager: Loaded Plugin OnlineSubsystemGameCircle, From C:/Program Files (x86)/Epic Games/4.14/Engine/Plugins/Online/Android/OnlineSubsystemGameCircle/OnlineSubsystemGameCircle.uplugin
LogPluginManager: Loaded Plugin OnlineSubsystemGooglePlay, From C:/Program Files (x86)/Epic Games/4.14/Engine/Plugins/Online/Android/OnlineSubsystemGooglePlay/OnlineSubsystemGooglePlay.uplugin
LogPluginManager: Loaded Plugin OnlineSubsystemIOS, From C:/Program Files (x86)/Epic Games/4.14/Engine/Plugins/Online/IOS/OnlineSubsystemIOS/OnlineSubsystemIOS.uplugin
LogPluginManager: Loaded Plugin OnlineFramework, From C:/Program Files (x86)/Epic Games/4.14/Engine/Plugins/Online/OnlineFramework/OnlineFramework.uplugin
LogPluginManager: Loaded Plugin OnlineSubsystem, From C:/Program Files (x86)/Epic Games/4.14/Engine/Plugins/Online/OnlineSubsystem/OnlineSubsystem.uplugin
LogPluginManager: Loaded Plugin OnlineSubsystemAmazon, From C:/Program Files (x86)/Epic Games/4.14/Engine/Plugins/Online/OnlineSubsystemAmazon/OnlineSubsystemAmazon.uplugin
LogPluginManager: Loaded Plugin OnlineSubsystemFacebook, From C:/Program Files (x86)/Epic Games/4.14/Engine/Plugins/Online/OnlineSubsystemFacebook/OnlineSubsystemFacebook.uplugin
LogPluginManager: Loaded Plugin OnlineSubsystemNull, From C:/Program Files (x86)/Epic Games/4.14/Engine/Plugins/Online/OnlineSubsystemNull/OnlineSubsystemNull.uplugin
LogPluginManager: Loaded Plugin OnlineSubsystemOculus, From C:/Program Files (x86)/Epic Games/4.14/Engine/Plugins/Online/OnlineSubsystemOculus/OnlineSubsystemOculus.uplugin
LogPluginManager: Loaded Plugin OnlineSubsystemSteam, From C:/Program Files (x86)/Epic Games/4.14/Engine/Plugins/Online/OnlineSubsystemSteam/OnlineSubsystemSteam.uplugin
LogPluginManager: Loaded Plugin OnlineSubsystemUtils, From C:/Program Files (x86)/Epic Games/4.14/Engine/Plugins/Online/OnlineSubsystemUtils/OnlineSubsystemUtils.uplugin
LogPluginManager: Loaded Plugin IOSTapJoy, From C:/Program Files (x86)/Epic Games/4.14/Engine/Plugins/Runtime/Advertising/IOSTapJoy/IOSTapJoy.uplugin
LogPluginManager: Loaded Plugin AnalyticsBlueprintLibrary, From C:/Program Files (x86)/Epic Games/4.14/Engine/Plugins/Runtime/Analytics/AnalyticsBlueprintLibrary/AnalyticsBlueprintLibrary.uplugin
LogPluginManager: Loaded Plugin AnalyticsMulticast, From C:/Program Files (x86)/Epic Games/4.14/Engine/Plugins/Runtime/Analytics/AnalyticsMulticast/AnalyticsMulticast.uplugin
LogPluginManager: Loaded Plugin Apsalar, From C:/Program Files (x86)/Epic Games/4.14/Engine/Plugins/Runtime/Analytics/Apsalar/Apsalar.uplugin
LogPluginManager: Loaded Plugin FileLogging, From C:/Program Files (x86)/Epic Games/4.14/Engine/Plugins/Runtime/Analytics/FileLogging/FileLogging.uplugin
LogPluginManager: Loaded Plugin Flurry, From C:/Program Files (x86)/Epic Games/4.14/Engine/Plugins/Runtime/Analytics/Flurry/Flurry.uplugin
LogPluginManager: Loaded Plugin AndroidDeviceProfileSelector, From C:/Program Files (x86)/Epic Games/4.14/Engine/Plugins/Runtime/AndroidDeviceProfileSelector/AndroidDeviceProfileSelector.uplugin
LogPluginManager: Loaded Plugin AndroidMoviePlayer, From C:/Program Files (x86)/Epic Games/4.14/Engine/Plugins/Runtime/AndroidMoviePlayer/AndroidMoviePlayer.uplugin
LogPluginManager: Loaded Plugin AppleMoviePlayer, From C:/Program Files (x86)/Epic Games/4.14/Engine/Plugins/Runtime/AppleMoviePlayer/AppleMoviePlayer.uplugin
LogPluginManager: Loaded Plugin ArchVisCharacter, From C:/Program Files (x86)/Epic Games/4.14/Engine/Plugins/Runtime/ArchVisCharacter/ArchVisCharacter.uplugin
LogPluginManager: Loaded Plugin CableComponent, From C:/Program Files (x86)/Epic Games/4.14/Engine/Plugins/Runtime/CableComponent/CableComponent.uplugin
LogPluginManager: Loaded Plugin CustomMeshComponent, From C:/Program Files (x86)/Epic Games/4.14/Engine/Plugins/Runtime/CustomMeshComponent/CustomMeshComponent.uplugin
LogPluginManager: Loaded Plugin ExampleDeviceProfileSelector, From C:/Program Files (x86)/Epic Games/4.14/Engine/Plugins/Runtime/ExampleDeviceProfileSelector/ExampleDeviceProfileSelector.uplugin
LogPluginManager: Loaded Plugin GearVR, From C:/Program Files (x86)/Epic Games/4.14/Engine/Plugins/Runtime/GearVR/GearVR.uplugin
LogPluginManager: Loaded Plugin GoogleVRController, From C:/Program Files (x86)/Epic Games/4.14/Engine/Plugins/Runtime/GoogleVR/GoogleVRController/GoogleVRController.uplugin
LogPluginManager: Loaded Plugin GoogleVRHMD, From C:/Program Files (x86)/Epic Games/4.14/Engine/Plugins/Runtime/GoogleVR/GoogleVRHMD/GoogleVRHMD.uplugin
LogPluginManager: Loaded Plugin IOSDeviceProfileSelector, From C:/Program Files (x86)/Epic Games/4.14/Engine/Plugins/Runtime/IOSDeviceProfileSelector/IOSDeviceProfileSelector.uplugin
LogPluginManager: Loaded Plugin LeapMotion, From C:/Program Files (x86)/Epic Games/4.14/Engine/Plugins/Runtime/LeapMotion/LeapMotion.uplugin
LogPluginManager: Loaded Plugin LinuxDeviceProfileSelector, From C:/Program Files (x86)/Epic Games/4.14/Engine/Plugins/Runtime/LinuxDeviceProfileSelector/LinuxDeviceProfileSelector.uplugin
LogPluginManager: Loaded Plugin MIDIDevice, From C:/Program Files (x86)/Epic Games/4.14/Engine/Plugins/Runtime/MIDIDevice/MIDIDevice.uplugin
LogPluginManager: Loaded Plugin MobilePatchingUtils, From C:/Program Files (x86)/Epic Games/4.14/Engine/Plugins/Runtime/MobilePatchingUtils/MobilePatchingUtils.uplugin
LogPluginManager: Loaded Plugin Ansel, From C:/Program Files (x86)/Epic Games/4.14/Engine/Plugins/Runtime/Nvidia/Ansel/Ansel.uplugin
LogPluginManager: Loaded Plugin OculusAudio, From C:/Program Files (x86)/Epic Games/4.14/Engine/Plugins/Runtime/OculusAudio/OculusAudio.uplugin
LogPluginManager: Loaded Plugin OculusInput, From C:/Program Files (x86)/Epic Games/4.14/Engine/Plugins/Runtime/OculusInput/OculusInput.uplugin
LogPluginManager: Loaded Plugin OculusLibrary, From C:/Program Files (x86)/Epic Games/4.14/Engine/Plugins/Runtime/OculusLibrary/OculusLibrary.uplugin
LogPluginManager: Loaded Plugin OculusRift, From C:/Program Files (x86)/Epic Games/4.14/Engine/Plugins/Runtime/OculusRift/OculusRift.uplugin
LogPluginManager: Loaded Plugin Oodle, From C:/Program Files (x86)/Epic Games/4.14/Engine/Plugins/Runtime/PacketHandlers/CompressionComponents/Oodle/Oodle.uplugin
LogPluginManager: Loaded Plugin ProceduralMeshComponent, From C:/Program Files (x86)/Epic Games/4.14/Engine/Plugins/Runtime/ProceduralMeshComponent/ProceduralMeshComponent.uplugin
LogPluginManager: Loaded Plugin SoundMod, From C:/Program Files (x86)/Epic Games/4.14/Engine/Plugins/Runtime/SoundMod/SoundMod.uplugin
LogPluginManager: Loaded Plugin SoundVisualizations, From C:/Program Files (x86)/Epic Games/4.14/Engine/Plugins/Runtime/SoundVisualizations/SoundVisualizations.uplugin
LogPluginManager: Loaded Plugin SteamController, From C:/Program Files (x86)/Epic Games/4.14/Engine/Plugins/Runtime/Steam/SteamController/SteamController.uplugin
LogPluginManager: Loaded Plugin SteamVR, From C:/Program Files (x86)/Epic Games/4.14/Engine/Plugins/Runtime/Steam/SteamVR/SteamVR.uplugin
LogPluginManager: Loaded Plugin WebBrowserWidget, From C:/Program Files (x86)/Epic Games/4.14/Engine/Plugins/Runtime/WebBrowserWidget/WebBrowserWidget.uplugin
LogPluginManager: Loaded Plugin WindowsDeviceProfileSelector, From C:/Program Files (x86)/Epic Games/4.14/Engine/Plugins/Runtime/WindowsDeviceProfileSelector/WindowsDeviceProfileSelector.uplugin
LogPluginManager: Loaded Plugin WindowsMoviePlayer, From C:/Program Files (x86)/Epic Games/4.14/Engine/Plugins/Runtime/WindowsMoviePlayer/WindowsMoviePlayer.uplugin
LogPluginManager: Loaded Plugin ScriptPlugin, From C:/Program Files (x86)/Epic Games/4.14/Engine/Plugins/ScriptPlugin/ScriptPlugin.uplugin
LogPluginManager: Loaded Plugin SlateRemote, From C:/Program Files (x86)/Epic Games/4.14/Engine/Plugins/Slate/SlateRemote/SlateRemote.uplugin
LogPluginManager: Loaded Plugin EditorTests, From C:/Program Files (x86)/Epic Games/4.14/Engine/Plugins/Tests/EditorTests/EditorTests.uplugin
LogPluginManager: Loaded Plugin FbxAutomationTestBuilder, From C:/Program Files (x86)/Epic Games/4.14/Engine/Plugins/Tests/FbxAutomationTestBuilder/FbxAutomationTestBuilder.uplugin
LogPluginManager: Loaded Plugin FunctionalTestingEditor, From C:/Program Files (x86)/Epic Games/4.14/Engine/Plugins/Tests/FunctionalTestingEditor/FunctionalTestingEditor.uplugin
LogPluginManager: Loaded Plugin RuntimeTests, From C:/Program Files (x86)/Epic Games/4.14/Engine/Plugins/Tests/RuntimeTests/RuntimeTests.uplugin
LogPluginManager: Loaded Plugin ScreenshotTools, From C:/Program Files (x86)/Epic Games/4.14/Engine/Plugins/Tests/ScreenshotTools/ScreenshotTools.uplugin
LogInit: Using libcurl 7.47.1
LogInit:  - built for x86_64-pc-win32
LogInit:  - supports SSL with OpenSSL/1.0.2g
LogInit:  - supports HTTP deflate (compression) using libz 1.2.8
LogInit:  - other features:
LogInit:      CURL_VERSION_SSL
LogInit:      CURL_VERSION_LIBZ
LogInit:      CURL_VERSION_IPV6
LogInit:      CURL_VERSION_ASYNCHDNS
LogInit:      CURL_VERSION_LARGEFILE
LogInit:      CURL_VERSION_IDN
LogInit:  CurlRequestOptions (configurable via config and command line):
LogInit:  - bVerifyPeer = false  - Libcurl will NOT verify peer certificate
LogInit:  - bUseHttpProxy = false  - Libcurl will NOT use HTTP proxy
LogInit:  - bDontReuseConnections = false  - Libcurl will reuse connections
LogInit:  - CertBundlePath = nullptr  - Libcurl will use whatever was configured at build time.
LogInit: Build: ++UE4+Release-4.14-CL-3224400
LogInit: Engine Version: 4.14.1-3224400+++UE4+Release-4.14
LogInit: Compatible Engine Version: 4.14.0-3195953+++UE4+Release-4.14
LogInit: Net CL: 3195953
LogDevObjectVersion: Number of dev versions registered: 13
LogDevObjectVersion:   Dev-Blueprints (B0D832E4-1F89-4F0D-ACCF-7EB736FD4AA2): 7
LogDevObjectVersion:   Dev-Build (E1C64328-A22C-4D53-A36C-8E866417BD8C): 0
LogDevObjectVersion:   Dev-Core (375EC13C-06E4-48FB-B500-84F0262A717E): 1
LogDevObjectVersion:   Dev-Editor (E4B068ED-F494-42E9-A231-DA0B2E46BB41): 8
LogDevObjectVersion:   Dev-Framework (CFFC743F-43B0-4480-9391-14DF171D2073): 17
LogDevObjectVersion:   Dev-Mobile (B02B49B5-BB20-44E9-A304-32B752E40360): 0
LogDevObjectVersion:   Dev-Networking (A4E4105C-59A1-49B5-A7C5-40C4547EDFEE): 0
LogDevObjectVersion:   Dev-Online (39C831C9-5AE6-47DC-9A44-9C173E1C8E7C): 0
LogDevObjectVersion:   Dev-Physics (78F01B33-EBEA-4F98-B9B4-84EACCB95AA2): 0
LogDevObjectVersion:   Dev-Platform (6631380F-2D4D-43E0-8009-CF276956A95A): 0
LogDevObjectVersion:   Dev-Rendering (12F88B9F-8875-4AFC-A67C-D90C383ABD29): 12
LogDevObjectVersion:   Dev-Sequencer (7B5AE74C-D270-4C10-A958-57980B212A5A): 1
LogDevObjectVersion:   Dev-VR (D7296918-1DD6-4BDD-9DE2-64A83CC13884): 0
LogInit: Compiled (64-bit): Dec  7 2016 02:14:32
LogInit: Compiled with Visual C++: 19.00.23026.00
LogInit: Build Configuration: Development
LogInit: Branch Name: ++UE4+Release-4.14
LogInit: Command line:  
LogInit: Base directory: C:/Program Files (x86)/Epic Games/4.14/Engine/Binaries/Win64/
LogInit: Installed Engine Build: 1
LogInit: Presizing for max 8388607 objects, including 0 objects not considered by GC, pre-allocating 0 bytes for permanent pool.
LogInit: Object subsystem initialized
[2017.02.03-14.35.14:166][  0]LogInit: Selected Device Profile: [Windows]
[2017.02.03-14.35.14:166][  0]LogInit: Applying CVar settings loaded from the selected device profile: [Windows]
[2017.02.03-14.35.14:197][  0]LogInit: Computer: BRIANIAC
[2017.02.03-14.35.14:197][  0]LogInit: User: User
[2017.02.03-14.35.14:197][  0]LogInit: CPU Page size=65536, Cores=4
[2017.02.03-14.35.14:197][  0]LogInit: High frequency timer resolution =2.435764 MHz
[2017.02.03-14.35.14:198][  0]LogMemory: Memory total: Physical=24.0GB (24GB approx)
[2017.02.03-14.35.14:198][  0]LogMemory: Platform Memory Stats for Windows
[2017.02.03-14.35.14:198][  0]LogMemory: Process Physical Memory: 265.24 MB used, 265.24 MB peak
[2017.02.03-14.35.14:198][  0]LogMemory: Process Virtual Memory: 262.79 MB used, 262.79 MB peak
[2017.02.03-14.35.14:198][  0]LogMemory: Physical Memory: 12221.86 MB used,  12306.97 MB free, 24528.83 MB total
[2017.02.03-14.35.14:198][  0]LogMemory: Virtual Memory: 676.39 MB used,  12306.97 MB free, 134217728.00 MB total
[2017.02.03-14.35.14:526][  0]LogTextLocalizationManager: No specific translations for ('en-US') exist, so ('en') translations will be used.
[2017.02.03-14.35.16:982][  0]LogD3D11RHI: D3D11 adapters:
[2017.02.03-14.35.17:006][  0]LogD3D11RHI:    0. 'NVIDIA GeForce GTX 970M' (Feature Level 11_0)
[2017.02.03-14.35.17:006][  0]LogD3D11RHI:       6105/0/12264 MB DedicatedVideo/DedicatedSystem/SharedSystem, Outputs:2, VendorId:0x10de
[2017.02.03-14.35.17:009][  0]LogD3D11RHI:    1. 'Microsoft Basic Render Driver' (Feature Level 11_0)
[2017.02.03-14.35.17:009][  0]LogD3D11RHI:       0/0/12264 MB DedicatedVideo/DedicatedSystem/SharedSystem, Outputs:0, VendorId:0x1414
[2017.02.03-14.35.17:009][  0]LogD3D11RHI: Chosen D3D11 Adapter: 0
[2017.02.03-14.35.17:016][  0]LogD3D11RHI: Creating new Direct3DDevice
[2017.02.03-14.35.17:016][  0]LogD3D11RHI:     GPU DeviceId: 0x13d8 (for the marketing name, search the web for "GPU Device Id")
[2017.02.03-14.35.17:016][  0]LogWindows: EnumDisplayDevices:
[2017.02.03-14.35.17:016][  0]LogWindows:    0. 'NVIDIA GeForce GTX 970M' (P:0 D:1)
[2017.02.03-14.35.17:016][  0]LogWindows:    1. 'NVIDIA GeForce GTX 970M' (P:1 D:1)
[2017.02.03-14.35.17:016][  0]LogWindows:    2. 'NVIDIA GeForce GTX 970M' (P:0 D:0)
[2017.02.03-14.35.17:016][  0]LogWindows:    3. 'NVIDIA GeForce GTX 970M' (P:0 D:0)
[2017.02.03-14.35.17:016][  0]LogWindows: DebugString: FoundDriverCount:4 
[2017.02.03-14.35.17:016][  0]LogD3D11RHI:     Adapter Name: NVIDIA GeForce GTX 970M
[2017.02.03-14.35.17:016][  0]LogD3D11RHI:   Driver Version: 369.09 (internal:21.21.13.6909, unified:369.09)
[2017.02.03-14.35.17:016][  0]LogD3D11RHI:      Driver Date: 8-1-2016
[2017.02.03-14.35.17:017][  0]LogRHI: Texture pool is 1361 MB (70% of 1945 MB)
[2017.02.03-14.35.17:032][  0]LogD3D11RHI: Async texture creation enabled
[2017.02.03-14.35.17:066][  0]LogD3D11RHI: GPU Timing Frequency: 1000.000000 (Debug: 2 1)
[2017.02.03-14.35.17:075][  0]LogShaderCompilers: Guid format shader working directory is -29 characters bigger than the processId version (../../../../../../Users/User/Documents/Unreal Projects/ProjectOne/FrogGame/Intermediate/Shaders/WorkingDirectory/2072/).
[2017.02.03-14.35.17:075][  0]LogShaderCompilers: Cleaned the shader compiler working directory 'C:/Users/User/AppData/Local/Temp/UnrealShaderWorkingDir/1457AE334F31C47F1B3944BFEB9771A7/'.
[2017.02.03-14.35.17:075][  0]LogShaderCompilers:Display: Using Local Shader Compiler.
[2017.02.03-14.35.19:923][  0]LogTemp:Display: Loaded TP AllDesktopTargetPlatform
[2017.02.03-14.35.19:973][  0]LogTemp:Display: Loaded TP MacClientTargetPlatform
[2017.02.03-14.35.20:022][  0]LogTemp:Display: Loaded TP MacNoEditorTargetPlatform
[2017.02.03-14.35.20:070][  0]LogTemp:Display: Loaded TP MacServerTargetPlatform
[2017.02.03-14.35.20:124][  0]LogTemp:Display: Loaded TP MacTargetPlatform
[2017.02.03-14.35.20:173][  0]LogTemp:Display: Loaded TP WindowsClientTargetPlatform
[2017.02.03-14.35.20:222][  0]LogTemp:Display: Loaded TP WindowsNoEditorTargetPlatform
[2017.02.03-14.35.20:272][  0]LogTemp:Display: Loaded TP WindowsServerTargetPlatform
[2017.02.03-14.35.20:312][  0]LogTemp:Display: Loaded TP WindowsTargetPlatform
[2017.02.03-14.35.20:364][  0]LogTemp:Display: Loaded TP AndroidTargetPlatform
[2017.02.03-14.35.20:413][  0]LogTemp:Display: Loaded TP Android_ASTCTargetPlatform
[2017.02.03-14.35.20:462][  0]LogTemp:Display: Loaded TP Android_ATCTargetPlatform
[2017.02.03-14.35.20:511][  0]LogTemp:Display: Loaded TP Android_DXTTargetPlatform
[2017.02.03-14.35.20:569][  0]LogTemp:Display: Loaded TP Android_ETC1TargetPlatform
[2017.02.03-14.35.20:623][  0]LogTemp:Display: Loaded TP Android_ETC2TargetPlatform
[2017.02.03-14.35.20:721][  0]LogTemp:Display: Loaded TP Android_MultiTargetPlatform
[2017.02.03-14.35.20:721][  0]LogTemp:Display: Loaded TP Android_PVRTCTargetPlatform
[2017.02.03-14.35.20:756][  0]LogTemp:Display: Loaded TP HTML5TargetPlatform
[2017.02.03-14.35.20:862][  0]LogTemp:Display: Loaded TP IOSTargetPlatform
[2017.02.03-14.35.20:893][  0]LogTemp:Display: Loaded TP TVOSTargetPlatform
[2017.02.03-14.35.20:946][  0]LogTemp:Display: Loaded TP LinuxClientTargetPlatform
[2017.02.03-14.35.20:994][  0]LogTemp:Display: Loaded TP LinuxNoEditorTargetPlatform
[2017.02.03-14.35.21:044][  0]LogTemp:Display: Loaded TP LinuxServerTargetPlatform
[2017.02.03-14.35.21:096][  0]LogTemp:Display: Loaded TP LinuxTargetPlatform
[2017.02.03-14.35.21:096][  0]LogTargetPlatformManager:Display: Building Assets For Windows
[2017.02.03-14.35.21:734][  0]LogDerivedDataCache:Display: Max Cache Size: 512 MB
[2017.02.03-14.35.21:991][  0]LogDerivedDataCache: Loaded boot cache 0.26s 50MB C:/Users/User/AppData/Local/UnrealEngine/4.14/DerivedDataCache/Boot.ddc.
[2017.02.03-14.35.21:991][  0]LogDerivedDataCache:Display: Loaded Boot cache: C:/Users/User/AppData/Local/UnrealEngine/4.14/DerivedDataCache/Boot.ddc
[2017.02.03-14.35.21:991][  0]LogDerivedDataCache: FDerivedDataBackendGraph:  Pak pak cache file ../../../../../../Users/User/Documents/Unreal Projects/ProjectOne/FrogGame/DerivedDataCache/DDC.ddp not found, will not use a pak cache.
[2017.02.03-14.35.21:991][  0]LogDerivedDataCache: Unable to find inner node Pak for hierarchical cache Hierarchy.
[2017.02.03-14.35.21:991][  0]LogDerivedDataCache: FDerivedDataBackendGraph:  CompressedPak pak cache file ../../../../../../Users/User/Documents/Unreal Projects/ProjectOne/FrogGame/DerivedDataCache/Compressed.ddp not found, will not use a pak cache.
[2017.02.03-14.35.21:991][  0]LogDerivedDataCache: Unable to find inner node CompressedPak for hierarchical cache Hierarchy.
[2017.02.03-14.35.22:018][  0]LogDerivedDataCache:Display: Pak cache opened for reading ../../../Engine/DerivedDataCache/Compressed.ddp.
[2017.02.03-14.35.22:030][  0]LogDerivedDataCache: Using Local data cache path C:/Users/User/AppData/Local/UnrealEngine/Common/DerivedDataCache: Writable
[2017.02.03-14.35.25:044][  0]LogInit: Selected Device Profile: [Windows]
[2017.02.03-14.35.25:053][  0]LogContentStreaming: Texture pool size is 0.00 MB
[2017.02.03-14.35.25:327][  0]LogMeshUtilities: Using QuadricMeshReduction for automatic static mesh reduction
[2017.02.03-14.35.25:378][  0]LogSimplygon: Simplygon DLL not present - disabling.
[2017.02.03-14.35.25:422][  0]LogMeshUtilities: Using SimplygonSwarm for distributed automatic mesh merging
[2017.02.03-14.35.25:422][  0]LogMeshUtilities: No automatic skeletal mesh reduction module available
[2017.02.03-14.35.25:422][  0]LogMeshUtilities: No automatic mesh merging module available
[2017.02.03-14.35.26:759][  0]LogNetVersion: GetLocalNetworkVersion: CL: 3195953, ProjectName: froggame, ProjectVersion: , EngineNetworkVersion: 2, GameNetworkVersion: 0, NetworkChecksum: 4266770872
[2017.02.03-14.35.26:838][  0]LogAssetRegistry: FAssetRegistry took 0.0248 seconds to start up
[2017.02.03-14.35.26:894][  0]LogPackageLocalizationCache: Processed 3 localized package path(s) for 2 prioritized culture(s) in 0.032573 seconds
[2017.02.03-14.35.26:900][  0]LogUObjectArray: 31946 objects as part of root set at end of initial load.
[2017.02.03-14.35.26:900][  0]LogUObjectAllocator: 6935840 out of 0 bytes used by permanent object pool.
[2017.02.03-14.35.26:900][  0]LogUObjectArray: CloseDisregardForGC: 0/0 objects in disregard for GC pool
[2017.02.03-14.35.26:956][  0]LogInit: WinSock: version 1.1 (2.2), MaxSocks=32767, MaxUdp=65467
[2017.02.03-14.35.27:780][  0]LogSlate: Using Freetype 2.6.0
[2017.02.03-14.35.27:795][  0]LogSlate: SlateFontCache - WITH_FREETYPE: 1, WITH_HARFBUZZ: 1
[2017.02.03-14.35.27:795][  0]LogSlate: SlateFontCache - WITH_FREETYPE: 1, WITH_HARFBUZZ: 1
[2017.02.03-14.35.30:001][  0]LogTcpMessaging: Initializing TcpMessaging bridge
[2017.02.03-14.35.30:039][  0]LogUdpMessaging: Initializing bridge on interface 0.0.0.0:0 to multicast group 230.0.0.1:6666.
[2017.02.03-14.35.30:477][  0]LogMaterial: Uniform references updated for custom material expression Custom.
[2017.02.03-14.35.30:944][  0]SourceControl: Info Source control is disabled
[2017.02.03-14.35.31:083][  0]SourceControl: Info Source control is disabled
[2017.02.03-14.35.31:130][  0]SourceControl: Info Source control is disabled
[2017.02.03-14.35.31:173][  0]SourceControl: Info Source control is disabled
[2017.02.03-14.35.32:438][  0]LogEngine: Initializing Engine...
[2017.02.03-14.35.32:439][  0]LogHMD: Failed to initialize OpenVR with code 110
[2017.02.03-14.35.32:839][  0]LogAIModule: Creating AISystem for world Untitled
[2017.02.03-14.35.32:868][  0]LogInit: XAudio2 using 'TSB-TV-C (NVIDIA High Definition Audio)' : 2 channels at 48 kHz using 16 bits per sample (channel mask 0x3)
[2017.02.03-14.35.32:880][  0]LogInit: FAudioDevice initialized.
[2017.02.03-14.35.32:910][  0]LogDerivedDataCache: Saved boot cache 0.03s 50MB C:/Users/User/AppData/Local/UnrealEngine/4.14/DerivedDataCache/Boot.ddc.
[2017.02.03-14.35.32:920][  0]LogInit: Texture streaming: Enabled
[2017.02.03-14.35.33:111][  0]LogWindowsTextInputMethodSystem:Display: IME system now deactivated.
[2017.02.03-14.35.33:168][  0]LogInit: Transaction tracking system initialized
[2017.02.03-14.35.33:528][  0]BlueprintLog: New page: Editor Load
[2017.02.03-14.35.34:517][  0]LocalizationService: Info Localization service is disabled
[2017.02.03-14.35.35:263][  0]LogConsoleResponse:Display: 
[2017.02.03-14.35.35:765][  0]LogFileCache: Scanning file cache for directory 'C:/Users/User/Documents/Unreal Projects/ProjectOne/FrogGame/Content/' took 0.02s
[2017.02.03-14.35.35:765][  0]LogCook:Display: Max memory allowance for cook 16384mb min free memory 0mb
[2017.02.03-14.35.35:765][  0]LogCook:Display: Mobile HDR setting 1
[2017.02.03-14.35.37:002][  0]SourceControl: Info Source control is disabled
[2017.02.03-14.35.37:004][  0]Cmd: MAP LOAD FILE="../../../../../../Users/User/Documents/Unreal Projects/ProjectOne/FrogGame/Content/Maps/Overworld.umap" TEMPLATE=0 SHOWPROGRESS=1 FEATURELEVEL=3
[2017.02.03-14.35.37:006][  0]LightingResults: New page: Lighting Build
[2017.02.03-14.35.37:072][  0]MapCheck: New page: Map Check
[2017.02.03-14.35.37:072][  0]LightingResults: New page: Lighting Build
[2017.02.03-14.35.38:639][  0]LogAIModule: Creating AISystem for world Overworld
[2017.02.03-14.35.38:816][  0]LogEditorServer: Finished looking for orphan Actors (0.000 secs)
[2017.02.03-14.35.38:819][  0]Cmd: MAP CHECKDEP NOCLEARLOG
[2017.02.03-14.35.38:865][  0]MapCheck: Info Map check complete: 0 Error(s), 0 Warning(s), took 45.571ms to complete.
[2017.02.03-14.35.38:865][  0]LogFileHelpers: Loading map 'Overworld' took 1.861
[2017.02.03-14.35.39:126][  0]LogCollectionManager: Loaded 1 collections in 0.005975 seconds
[2017.02.03-14.35.39:263][  0]LogFileCache: Scanning file cache for directory 'C:/Users/User/Documents/Unreal Projects/ProjectOne/FrogGame/Saved/Collections/' took 0.01s
[2017.02.03-14.35.39:263][  0]LogFileCache: Scanning file cache for directory 'C:/Users/User/Documents/Unreal Projects/ProjectOne/FrogGame/Content/Developers/User/Collections/' took 0.01s
[2017.02.03-14.35.39:263][  0]LogFileCache: Scanning file cache for directory 'C:/Users/User/Documents/Unreal Projects/ProjectOne/FrogGame/Content/Collections/' took 0.01s
[2017.02.03-14.35.39:263][  0]LogCollectionManager: Rebuilt the GUID cache for 1 collections in 0.000006 seconds
[2017.02.03-14.35.39:264][  0]LogCollectionManager: Rebuilt the hierarchy cache for 1 collections in 0.000001 seconds
[2017.02.03-14.35.39:283][  0]LogContentBrowser: Native class hierarchy populated in 0.0145 seconds. Added 2190 classes and 428 folders.
[2017.02.03-14.35.39:361][  0]LogStats: UGameplayTagsManager::ConstructGameplayTagTree: Construct from data asset -  0.000 s
[2017.02.03-14.35.39:361][  0]LogStats: UGameplayTagsManager::ConstructGameplayTagTree: GameplayTagTreeChangedEvent.Broadcast -  0.000 s
[2017.02.03-14.35.39:362][  0]LogContentBrowser: Native class hierarchy updated for 'GameplayTags' in 0.0007 seconds. Added 13 classes and 0 folders.
[2017.02.03-14.35.39:456][  0]LogContentBrowser: Native class hierarchy updated for 'WidgetCarousel' in 0.0008 seconds. Added 0 classes and 0 folders.
[2017.02.03-14.35.39:841][  0]LogContentBrowser: Native class hierarchy updated for 'AddContentDialog' in 0.0005 seconds. Added 0 classes and 0 folders.
[2017.02.03-14.35.39:895][  0]LogContentBrowser: Native class hierarchy updated for 'SceneOutliner' in 0.0007 seconds. Added 1 classes and 2 folders.
[2017.02.03-14.35.40:138][  0]LogCrashTracker: Crashtracker disabled due to settings.
[2017.02.03-14.35.40:154][  0]LogUObjectGlobals:Warning: Failed to find object 'Class None.'
[2017.02.03-14.35.40:228][  0]LogContentBrowser: Native class hierarchy updated for 'HierarchicalLODOutliner' in 0.0007 seconds. Added 1 classes and 2 folders.
[2017.02.03-14.35.40:229][  0]LogLoad: (Engine Initialization) Total time: 29.46 seconds
[2017.02.03-14.35.40:229][  0]LogLoad: (Engine Initialization) Total Blueprint compile time: 0.47 seconds
[2017.02.03-14.35.40:229][  0]LogExternalProfiler: Found external profiler: VSPerf
[2017.02.03-14.35.40:229][  0]LogExternalProfiler: Using external profiler: VSPerf
[2017.02.03-14.35.40:246][  0]LogOcInput: OculusInput pre-init called
[2017.02.03-14.35.40:276][  0]LogContentStreaming: Texture pool size now 1000 MB
[2017.02.03-14.35.40:566][  0]LogRenderer: Reallocating scene render targets to support 1208x580 NumSamples 1 (Frame:2).
[2017.02.03-14.35.40:674][  1]LogAssetRegistry: Asset discovery search completed in 13.8585 seconds
[2017.02.03-14.35.40:674][  1]LogCollectionManager: Rebuilt the object cache for 1 collections in 0.000008 seconds (found 0 objects)
[2017.02.03-14.35.40:674][  1]LogCollectionManager: Fixed up redirectors for 1 collections in 0.000031 seconds (updated 0 objects)
[2017.02.03-14.35.41:991][ 34]LogContentBrowser: Native class hierarchy updated for 'BlueprintGraph' in 0.0016 seconds. Added 111 classes and 0 folders.
[2017.02.03-14.35.43:696][ 34]LogScript:Warning: Accessed None trying to read property CallFunc_GetPlayerController_ReturnValue2
	BP_NewScreen_01_C /Engine/Transient.World_5:PersistentLevel.BP_NewScreen_01_C_0
	Function /Game/Blueprints/BP_NewScreen_01.BP_NewScreen_01_C:ExecuteUbergraph_BP_NewScreen_01:0720
[2017.02.03-14.35.48:013][276]LogTemp: Repeting last play command: Selected Viewport
[2017.02.03-14.35.48:040][276]LogBlueprintUserMessages: Early PlayInEditor Detection: Level '/Game/Maps/Overworld.Overworld:PersistentLevel' has LevelScriptBlueprint '/Game/Maps/Overworld.Overworld:PersistentLevel.Overworld' with GeneratedClass '/Game/Maps/Overworld.Overworld_C' with ClassGeneratedBy '/Game/Maps/Overworld.Overworld:PersistentLevel.Overworld'
[2017.02.03-14.35.48:040][276]LogPlayLevel: PlayLevel: No blueprints needed recompiling
[2017.02.03-14.35.48:041][276]PIE: New page: PIE session: Overworld (Feb 2, 2017, 10:35:48 PM)
[2017.02.03-14.35.48:041][276]LogPlayLevel: Creating play world package: /Game/Maps/UEDPIE_0_Overworld
[2017.02.03-14.35.48:072][276]LogPlayLevel: PIE: StaticDuplicateObject took: (0.031149s)
[2017.02.03-14.35.48:073][276]LogAIModule: Creating AISystem for world Overworld
[2017.02.03-14.35.48:074][276]LogPlayLevel: PIE: World Init took: (0.001299s)
[2017.02.03-14.35.48:074][276]LogPlayLevel: PIE: Created PIE world by copying editor world from /Game/Maps/Overworld.Overworld to /Game/Maps/UEDPIE_0_Overworld.Overworld (0.032835s)
[2017.02.03-14.35.48:132][276]LogInit: XAudio2 using 'TSB-TV-C (NVIDIA High Definition Audio)' : 2 channels at 48 kHz using 16 bits per sample (channel mask 0x3)
[2017.02.03-14.35.48:138][276]LogInit: FAudioDevice initialized.
[2017.02.03-14.35.48:193][276]LogLoad: Game class is 'BP_OverworldGamemode_C'
[2017.02.03-14.35.48:196][276]LogWorld: Bringing World /Game/Maps/UEDPIE_0_Overworld.Overworld up for play (max tick rate 60) at 2017.02.03-06.35.48
[2017.02.03-14.35.48:199][276]LogWorld: Bringing up level for play took: 0.005168
[2017.02.03-14.35.48:244][276]LogContentBrowser: Native class hierarchy updated for 'MovieSceneCapture' in 0.0008 seconds. Added 11 classes and 0 folders.
[2017.02.03-14.35.48:244][276]LogGameMode:Display: Match State Changed from EnteringMap to WaitingToStart
[2017.02.03-14.35.48:244][276]LogGameState: Match State Changed from EnteringMap to WaitingToStart
[2017.02.03-14.35.48:244][276]LogGameMode:Display: Match State Changed from WaitingToStart to InProgress
[2017.02.03-14.35.48:248][276]LogGameState: Match State Changed from WaitingToStart to InProgress
[2017.02.03-14.35.48:248][276]PIE: Info Play in editor start time for /Game/Maps/UEDPIE_0_Overworld 0.603
[2017.02.03-14.35.48:248][276]LogBlueprintUserMessages: Late PlayInEditor Detection: Level '/Game/Maps/Overworld.Overworld:PersistentLevel' has LevelScriptBlueprint '/Game/Maps/Overworld.Overworld:PersistentLevel.Overworld' with GeneratedClass '/Game/Maps/Overworld.Overworld_C' with ClassGeneratedBy '/Game/Maps/Overworld.Overworld:PersistentLevel.Overworld'
[2017.02.03-14.36.39:647][356]LogBlueprintUserMessages: Early EndPlayMap Detection: Level '/Game/Maps/Overworld.Overworld:PersistentLevel' has LevelScriptBlueprint '/Game/Maps/Overworld.Overworld:PersistentLevel.Overworld' with GeneratedClass '/Game/Maps/Overworld.Overworld_C' with ClassGeneratedBy '/Game/Maps/Overworld.Overworld:PersistentLevel.Overworld'
[2017.02.03-14.36.39:709][356]LogBlueprintUserMessages: Late EndPlayMap Detection: Level '/Game/Maps/Overworld.Overworld:PersistentLevel' has LevelScriptBlueprint '/Game/Maps/Overworld.Overworld:PersistentLevel.Overworld' with GeneratedClass '/Game/Maps/Overworld.Overworld_C' with ClassGeneratedBy '/Game/Maps/Overworld.Overworld:PersistentLevel.Overworld'
[2017.02.03-14.36.44:726][643]LogWindowsTextInputMethodSystem:Display: IME system now deactivated.
[2017.02.03-14.36.56:302][315]LogTemp: Repeting last play command: Selected Viewport
[2017.02.03-14.36.56:325][315]LogBlueprintUserMessages: Early PlayInEditor Detection: Level '/Game/Maps/Overworld.Overworld:PersistentLevel' has LevelScriptBlueprint '/Game/Maps/Overworld.Overworld:PersistentLevel.Overworld' with GeneratedClass '/Game/Maps/Overworld.Overworld_C' with ClassGeneratedBy '/Game/Maps/Overworld.Overworld:PersistentLevel.Overworld'
[2017.02.03-14.36.56:325][315]LogPlayLevel: PlayLevel: No blueprints needed recompiling
[2017.02.03-14.36.56:325][315]PIE: New page: PIE session: Overworld (Feb 2, 2017, 10:36:56 PM)
[2017.02.03-14.36.56:325][315]LogPlayLevel: Creating play world package: /Game/Maps/UEDPIE_0_Overworld
[2017.02.03-14.36.56:349][315]LogPlayLevel: PIE: StaticDuplicateObject took: (0.023792s)
[2017.02.03-14.36.56:350][315]LogAIModule: Creating AISystem for world Overworld
[2017.02.03-14.36.56:350][315]LogPlayLevel: PIE: World Init took: (0.000976s)
[2017.02.03-14.36.56:350][315]LogPlayLevel: PIE: Created PIE world by copying editor world from /Game/Maps/Overworld.Overworld to /Game/Maps/UEDPIE_0_Overworld.Overworld (0.025073s)
[2017.02.03-14.36.56:380][315]LogInit: XAudio2 using 'TSB-TV-C (NVIDIA High Definition Audio)' : 2 channels at 48 kHz using 16 bits per sample (channel mask 0x3)
[2017.02.03-14.36.56:384][315]LogInit: FAudioDevice initialized.
[2017.02.03-14.36.56:417][315]LogLoad: Game class is 'BP_OverworldGamemode_C'
[2017.02.03-14.36.56:421][315]LogWorld: Bringing World /Game/Maps/UEDPIE_0_Overworld.Overworld up for play (max tick rate 60) at 2017.02.03-06.36.56
[2017.02.03-14.36.56:421][315]LogWorld: Bringing up level for play took: 0.002771
[2017.02.03-14.36.56:422][315]LogGameMode:Display: Match State Changed from EnteringMap to WaitingToStart
[2017.02.03-14.36.56:422][315]LogGameState: Match State Changed from EnteringMap to WaitingToStart
[2017.02.03-14.36.56:422][315]LogGameMode:Display: Match State Changed from WaitingToStart to InProgress
[2017.02.03-14.36.56:424][315]LogGameState: Match State Changed from WaitingToStart to InProgress
[2017.02.03-14.36.56:424][315]PIE: Info Play in editor start time for /Game/Maps/UEDPIE_0_Overworld 0.779
[2017.02.03-14.36.56:424][315]LogBlueprintUserMessages: Late PlayInEditor Detection: Level '/Game/Maps/Overworld.Overworld:PersistentLevel' has LevelScriptBlueprint '/Game/Maps/Overworld.Overworld:PersistentLevel.Overworld' with GeneratedClass '/Game/Maps/Overworld.Overworld_C' with ClassGeneratedBy '/Game/Maps/Overworld.Overworld:PersistentLevel.Overworld'
[2017.02.03-14.37.04:907][820]LogBlueprintUserMessages: Early EndPlayMap Detection: Level '/Game/Maps/Overworld.Overworld:PersistentLevel' has LevelScriptBlueprint '/Game/Maps/Overworld.Overworld:PersistentLevel.Overworld' with GeneratedClass '/Game/Maps/Overworld.Overworld_C' with ClassGeneratedBy '/Game/Maps/Overworld.Overworld:PersistentLevel.Overworld'
[2017.02.03-14.37.04:968][820]LogBlueprintUserMessages: Late EndPlayMap Detection: Level '/Game/Maps/Overworld.Overworld:PersistentLevel' has LevelScriptBlueprint '/Game/Maps/Overworld.Overworld:PersistentLevel.Overworld' with GeneratedClass '/Game/Maps/Overworld.Overworld_C' with ClassGeneratedBy '/Game/Maps/Overworld.Overworld:PersistentLevel.Overworld'
[2017.02.03-14.38.06:573][390]LogTemp: Repeting last play command: Selected Viewport
[2017.02.03-14.38.06:595][390]LogBlueprintUserMessages: Early PlayInEditor Detection: Level '/Game/Maps/Overworld.Overworld:PersistentLevel' has LevelScriptBlueprint '/Game/Maps/Overworld.Overworld:PersistentLevel.Overworld' with GeneratedClass '/Game/Maps/Overworld.Overworld_C' with ClassGeneratedBy '/Game/Maps/Overworld.Overworld:PersistentLevel.Overworld'
[2017.02.03-14.38.06:595][390]LogPlayLevel: PlayLevel: No blueprints needed recompiling
[2017.02.03-14.38.06:595][390]PIE: New page: PIE session: Overworld (Feb 2, 2017, 10:38:06 PM)
[2017.02.03-14.38.06:596][390]LogPlayLevel: Creating play world package: /Game/Maps/UEDPIE_0_Overworld
[2017.02.03-14.38.06:621][390]LogPlayLevel: PIE: StaticDuplicateObject took: (0.025196s)
[2017.02.03-14.38.06:622][390]LogAIModule: Creating AISystem for world Overworld
[2017.02.03-14.38.06:622][390]LogPlayLevel: PIE: World Init took: (0.001509s)
[2017.02.03-14.38.06:623][390]LogPlayLevel: PIE: Created PIE world by copying editor world from /Game/Maps/Overworld.Overworld to /Game/Maps/UEDPIE_0_Overworld.Overworld (0.027026s)
[2017.02.03-14.38.06:657][390]LogInit: XAudio2 using 'TSB-TV-C (NVIDIA High Definition Audio)' : 2 channels at 48 kHz using 16 bits per sample (channel mask 0x3)
[2017.02.03-14.38.06:662][390]LogInit: FAudioDevice initialized.
[2017.02.03-14.38.06:692][390]LogLoad: Game class is 'BP_OverworldGamemode_C'
[2017.02.03-14.38.06:695][390]LogWorld: Bringing World /Game/Maps/UEDPIE_0_Overworld.Overworld up for play (max tick rate 60) at 2017.02.03-06.38.06
[2017.02.03-14.38.06:696][390]LogWorld: Bringing up level for play took: 0.002887
[2017.02.03-14.38.06:697][390]LogGameMode:Display: Match State Changed from EnteringMap to WaitingToStart
[2017.02.03-14.38.06:697][390]LogGameState: Match State Changed from EnteringMap to WaitingToStart
[2017.02.03-14.38.06:697][390]LogGameMode:Display: Match State Changed from WaitingToStart to InProgress
[2017.02.03-14.38.06:698][390]LogGameState: Match State Changed from WaitingToStart to InProgress
[2017.02.03-14.38.06:698][390]PIE: Info Play in editor start time for /Game/Maps/UEDPIE_0_Overworld 1.054
[2017.02.03-14.38.06:699][390]LogBlueprintUserMessages: Late PlayInEditor Detection: Level '/Game/Maps/Overworld.Overworld:PersistentLevel' has LevelScriptBlueprint '/Game/Maps/Overworld.Overworld:PersistentLevel.Overworld' with GeneratedClass '/Game/Maps/Overworld.Overworld_C' with ClassGeneratedBy '/Game/Maps/Overworld.Overworld:PersistentLevel.Overworld'
[2017.02.03-14.38.14:692][803]LogBlueprintUserMessages: Early EndPlayMap Detection: Level '/Game/Maps/Overworld.Overworld:PersistentLevel' has LevelScriptBlueprint '/Game/Maps/Overworld.Overworld:PersistentLevel.Overworld' with GeneratedClass '/Game/Maps/Overworld.Overworld_C' with ClassGeneratedBy '/Game/Maps/Overworld.Overworld:PersistentLevel.Overworld'
[2017.02.03-14.38.14:752][803]LogBlueprintUserMessages: Late EndPlayMap Detection: Level '/Game/Maps/Overworld.Overworld:PersistentLevel' has LevelScriptBlueprint '/Game/Maps/Overworld.Overworld:PersistentLevel.Overworld' with GeneratedClass '/Game/Maps/Overworld.Overworld_C' with ClassGeneratedBy '/Game/Maps/Overworld.Overworld:PersistentLevel.Overworld'
[2017.02.03-14.39.25:766][660]LogTemp: Repeting last play command: Selected Viewport
[2017.02.03-14.39.25:788][660]LogBlueprintUserMessages: Early PlayInEditor Detection: Level '/Game/Maps/Overworld.Overworld:PersistentLevel' has LevelScriptBlueprint '/Game/Maps/Overworld.Overworld:PersistentLevel.Overworld' with GeneratedClass '/Game/Maps/Overworld.Overworld_C' with ClassGeneratedBy '/Game/Maps/Overworld.Overworld:PersistentLevel.Overworld'
[2017.02.03-14.39.25:788][660]LogPlayLevel: PlayLevel: No blueprints needed recompiling
[2017.02.03-14.39.25:788][660]PIE: New page: PIE session: Overworld (Feb 2, 2017, 10:39:25 PM)
[2017.02.03-14.39.25:789][660]LogPlayLevel: Creating play world package: /Game/Maps/UEDPIE_0_Overworld
[2017.02.03-14.39.25:813][660]LogPlayLevel: PIE: StaticDuplicateObject took: (0.024132s)
[2017.02.03-14.39.25:814][660]LogAIModule: Creating AISystem for world Overworld
[2017.02.03-14.39.25:814][660]LogPlayLevel: PIE: World Init took: (0.001111s)
[2017.02.03-14.39.25:815][660]LogPlayLevel: PIE: Created PIE world by copying editor world from /Game/Maps/Overworld.Overworld to /Game/Maps/UEDPIE_0_Overworld.Overworld (0.025550s)
[2017.02.03-14.39.25:845][660]LogInit: XAudio2 using 'TSB-TV-C (NVIDIA High Definition Audio)' : 2 channels at 48 kHz using 16 bits per sample (channel mask 0x3)
[2017.02.03-14.39.25:850][660]LogInit: FAudioDevice initialized.
[2017.02.03-14.39.25:881][660]LogLoad: Game class is 'BP_OverworldGamemode_C'
[2017.02.03-14.39.25:884][660]LogWorld: Bringing World /Game/Maps/UEDPIE_0_Overworld.Overworld up for play (max tick rate 60) at 2017.02.03-06.39.25
[2017.02.03-14.39.25:885][660]LogWorld: Bringing up level for play took: 0.002770
[2017.02.03-14.39.25:885][660]LogGameMode:Display: Match State Changed from EnteringMap to WaitingToStart
[2017.02.03-14.39.25:885][660]LogGameState: Match State Changed from EnteringMap to WaitingToStart
[2017.02.03-14.39.25:885][660]LogGameMode:Display: Match State Changed from WaitingToStart to InProgress
[2017.02.03-14.39.25:887][660]LogGameState: Match State Changed from WaitingToStart to InProgress
[2017.02.03-14.39.25:887][660]PIE: Info Play in editor start time for /Game/Maps/UEDPIE_0_Overworld 0.243
[2017.02.03-14.39.25:888][660]LogBlueprintUserMessages: Late PlayInEditor Detection: Level '/Game/Maps/Overworld.Overworld:PersistentLevel' has LevelScriptBlueprint '/Game/Maps/Overworld.Overworld:PersistentLevel.Overworld' with GeneratedClass '/Game/Maps/Overworld.Overworld_C' with ClassGeneratedBy '/Game/Maps/Overworld.Overworld:PersistentLevel.Overworld'
[2017.02.03-14.39.36:742][308]LogBlueprintUserMessages: Early EndPlayMap Detection: Level '/Game/Maps/Overworld.Overworld:PersistentLevel' has LevelScriptBlueprint '/Game/Maps/Overworld.Overworld:PersistentLevel.Overworld' with GeneratedClass '/Game/Maps/Overworld.Overworld_C' with ClassGeneratedBy '/Game/Maps/Overworld.Overworld:PersistentLevel.Overworld'
[2017.02.03-14.39.36:817][308]LogBlueprintUserMessages: Late EndPlayMap Detection: Level '/Game/Maps/Overworld.Overworld:PersistentLevel' has LevelScriptBlueprint '/Game/Maps/Overworld.Overworld:PersistentLevel.Overworld' with GeneratedClass '/Game/Maps/Overworld.Overworld_C' with ClassGeneratedBy '/Game/Maps/Overworld.Overworld:PersistentLevel.Overworld'
[2017.02.03-14.40.23:397][ 25]BlueprintLog: New page: Compile BP_Teleport_01
[2017.02.03-14.40.25:295][130]LogTemp: Repeting last play command: Selected Viewport
[2017.02.03-14.40.25:317][130]LogBlueprintUserMessages: Early PlayInEditor Detection: Level '/Game/Maps/Overworld.Overworld:PersistentLevel' has LevelScriptBlueprint '/Game/Maps/Overworld.Overworld:PersistentLevel.Overworld' with GeneratedClass '/Game/Maps/Overworld.Overworld_C' with ClassGeneratedBy '/Game/Maps/Overworld.Overworld:PersistentLevel.Overworld'
[2017.02.03-14.40.25:317][130]LogPlayLevel: PlayLevel: No blueprints needed recompiling
[2017.02.03-14.40.25:317][130]PIE: New page: PIE session: Overworld (Feb 2, 2017, 10:40:25 PM)
[2017.02.03-14.40.25:318][130]LogPlayLevel: Creating play world package: /Game/Maps/UEDPIE_0_Overworld
[2017.02.03-14.40.25:339][130]LogPlayLevel: PIE: StaticDuplicateObject took: (0.021201s)
[2017.02.03-14.40.25:339][130]LogAIModule: Creating AISystem for world Overworld
[2017.02.03-14.40.25:340][130]LogPlayLevel: PIE: World Init took: (0.000794s)
[2017.02.03-14.40.25:340][130]LogPlayLevel: PIE: Created PIE world by copying editor world from /Game/Maps/Overworld.Overworld to /Game/Maps/UEDPIE_0_Overworld.Overworld (0.022267s)
[2017.02.03-14.40.25:370][130]LogInit: XAudio2 using 'TSB-TV-C (NVIDIA High Definition Audio)' : 2 channels at 48 kHz using 16 bits per sample (channel mask 0x3)
[2017.02.03-14.40.25:375][130]LogInit: FAudioDevice initialized.
[2017.02.03-14.40.25:408][130]LogLoad: Game class is 'BP_OverworldGamemode_C'
[2017.02.03-14.40.25:411][130]LogWorld: Bringing World /Game/Maps/UEDPIE_0_Overworld.Overworld up for play (max tick rate 60) at 2017.02.03-06.40.25
[2017.02.03-14.40.25:412][130]LogWorld: Bringing up level for play took: 0.002845
[2017.02.03-14.40.25:412][130]LogGameMode:Display: Match State Changed from EnteringMap to WaitingToStart
[2017.02.03-14.40.25:413][130]LogGameState: Match State Changed from EnteringMap to WaitingToStart
[2017.02.03-14.40.25:413][130]LogGameMode:Display: Match State Changed from WaitingToStart to InProgress
[2017.02.03-14.40.25:414][130]LogGameState: Match State Changed from WaitingToStart to InProgress
[2017.02.03-14.40.25:414][130]PIE: Info Play in editor start time for /Game/Maps/UEDPIE_0_Overworld -0.23
[2017.02.03-14.40.25:415][130]LogBlueprintUserMessages: Late PlayInEditor Detection: Level '/Game/Maps/Overworld.Overworld:PersistentLevel' has LevelScriptBlueprint '/Game/Maps/Overworld.Overworld:PersistentLevel.Overworld' with GeneratedClass '/Game/Maps/Overworld.Overworld_C' with ClassGeneratedBy '/Game/Maps/Overworld.Overworld:PersistentLevel.Overworld'
[2017.02.03-14.40.35:990][762]LogBlueprintUserMessages: Early EndPlayMap Detection: Level '/Game/Maps/Overworld.Overworld:PersistentLevel' has LevelScriptBlueprint '/Game/Maps/Overworld.Overworld:PersistentLevel.Overworld' with GeneratedClass '/Game/Maps/Overworld.Overworld_C' with ClassGeneratedBy '/Game/Maps/Overworld.Overworld:PersistentLevel.Overworld'
[2017.02.03-14.40.36:050][762]LogBlueprintUserMessages: Late EndPlayMap Detection: Level '/Game/Maps/Overworld.Overworld:PersistentLevel' has LevelScriptBlueprint '/Game/Maps/Overworld.Overworld:PersistentLevel.Overworld' with GeneratedClass '/Game/Maps/Overworld.Overworld_C' with ClassGeneratedBy '/Game/Maps/Overworld.Overworld:PersistentLevel.Overworld'
[2017.02.03-14.40.39:547][964]BlueprintLog: New page: Compile BP_Teleport_01
[2017.02.03-14.40.41:320][ 62]LogTemp: Repeting last play command: Selected Viewport
[2017.02.03-14.40.41:342][ 62]LogBlueprintUserMessages: Early PlayInEditor Detection: Level '/Game/Maps/Overworld.Overworld:PersistentLevel' has LevelScriptBlueprint '/Game/Maps/Overworld.Overworld:PersistentLevel.Overworld' with GeneratedClass '/Game/Maps/Overworld.Overworld_C' with ClassGeneratedBy '/Game/Maps/Overworld.Overworld:PersistentLevel.Overworld'
[2017.02.03-14.40.41:342][ 62]LogPlayLevel: PlayLevel: No blueprints needed recompiling
[2017.02.03-14.40.41:342][ 62]PIE: New page: PIE session: Overworld (Feb 2, 2017, 10:40:41 PM)
[2017.02.03-14.40.41:343][ 62]LogPlayLevel: Creating play world package: /Game/Maps/UEDPIE_0_Overworld
[2017.02.03-14.40.41:362][ 62]LogPlayLevel: PIE: StaticDuplicateObject took: (0.019124s)
[2017.02.03-14.40.41:363][ 62]LogAIModule: Creating AISystem for world Overworld
[2017.02.03-14.40.41:363][ 62]LogPlayLevel: PIE: World Init took: (0.000684s)
[2017.02.03-14.40.41:363][ 62]LogPlayLevel: PIE: Created PIE world by copying editor world from /Game/Maps/Overworld.Overworld to /Game/Maps/UEDPIE_0_Overworld.Overworld (0.020073s)
[2017.02.03-14.40.41:394][ 62]LogInit: XAudio2 using 'TSB-TV-C (NVIDIA High Definition Audio)' : 2 channels at 48 kHz using 16 bits per sample (channel mask 0x3)
[2017.02.03-14.40.41:398][ 62]LogInit: FAudioDevice initialized.
[2017.02.03-14.40.41:429][ 62]LogLoad: Game class is 'BP_OverworldGamemode_C'
[2017.02.03-14.40.41:432][ 62]LogWorld: Bringing World /Game/Maps/UEDPIE_0_Overworld.Overworld up for play (max tick rate 60) at 2017.02.03-06.40.41
[2017.02.03-14.40.41:432][ 62]LogWorld: Bringing up level for play took: 0.002771
[2017.02.03-14.40.41:433][ 62]LogGameMode:Display: Match State Changed from EnteringMap to WaitingToStart
[2017.02.03-14.40.41:433][ 62]LogGameState: Match State Changed from EnteringMap to WaitingToStart
[2017.02.03-14.40.41:433][ 62]LogGameMode:Display: Match State Changed from WaitingToStart to InProgress
[2017.02.03-14.40.41:435][ 62]LogGameState: Match State Changed from WaitingToStart to InProgress
[2017.02.03-14.40.41:435][ 62]PIE: Info Play in editor start time for /Game/Maps/UEDPIE_0_Overworld -0.21
[2017.02.03-14.40.41:435][ 62]LogBlueprintUserMessages: Late PlayInEditor Detection: Level '/Game/Maps/Overworld.Overworld:PersistentLevel' has LevelScriptBlueprint '/Game/Maps/Overworld.Overworld:PersistentLevel.Overworld' with GeneratedClass '/Game/Maps/Overworld.Overworld_C' with ClassGeneratedBy '/Game/Maps/Overworld.Overworld:PersistentLevel.Overworld'
[2017.02.03-14.41.27:846][844]LogBlueprintUserMessages: Early EndPlayMap Detection: Level '/Game/Maps/Overworld.Overworld:PersistentLevel' has LevelScriptBlueprint '/Game/Maps/Overworld.Overworld:PersistentLevel.Overworld' with GeneratedClass '/Game/Maps/Overworld.Overworld_C' with ClassGeneratedBy '/Game/Maps/Overworld.Overworld:PersistentLevel.Overworld'
[2017.02.03-14.41.27:898][844]LogBlueprintUserMessages: Late EndPlayMap Detection: Level '/Game/Maps/Overworld.Overworld:PersistentLevel' has LevelScriptBlueprint '/Game/Maps/Overworld.Overworld:PersistentLevel.Overworld' with GeneratedClass '/Game/Maps/Overworld.Overworld_C' with ClassGeneratedBy '/Game/Maps/Overworld.Overworld:PersistentLevel.Overworld'
[2017.02.03-14.42.25:786][297]BlueprintLog: New page: Compile BP_Teleport_01
[2017.02.03-14.42.28:405][445]LogTemp: Repeting last play command: Selected Viewport
[2017.02.03-14.42.28:427][445]LogBlueprintUserMessages: Early PlayInEditor Detection: Level '/Game/Maps/Overworld.Overworld:PersistentLevel' has LevelScriptBlueprint '/Game/Maps/Overworld.Overworld:PersistentLevel.Overworld' with GeneratedClass '/Game/Maps/Overworld.Overworld_C' with ClassGeneratedBy '/Game/Maps/Overworld.Overworld:PersistentLevel.Overworld'
[2017.02.03-14.42.28:427][445]LogPlayLevel: PlayLevel: No blueprints needed recompiling
[2017.02.03-14.42.28:427][445]PIE: New page: PIE session: Overworld (Feb 2, 2017, 10:42:28 PM)
[2017.02.03-14.42.28:428][445]LogPlayLevel: Creating play world package: /Game/Maps/UEDPIE_0_Overworld
[2017.02.03-14.42.28:451][445]LogPlayLevel: PIE: StaticDuplicateObject took: (0.022975s)
[2017.02.03-14.42.28:451][445]LogAIModule: Creating AISystem for world Overworld
[2017.02.03-14.42.28:452][445]LogPlayLevel: PIE: World Init took: (0.000895s)
[2017.02.03-14.42.28:452][445]LogPlayLevel: PIE: Created PIE world by copying editor world from /Game/Maps/Overworld.Overworld to /Game/Maps/UEDPIE_0_Overworld.Overworld (0.024229s)
[2017.02.03-14.42.28:484][445]LogInit: XAudio2 using 'TSB-TV-C (NVIDIA High Definition Audio)' : 2 channels at 48 kHz using 16 bits per sample (channel mask 0x3)
[2017.02.03-14.42.28:488][445]LogInit: FAudioDevice initialized.
[2017.02.03-14.42.28:518][445]LogLoad: Game class is 'BP_OverworldGamemode_C'
[2017.02.03-14.42.28:521][445]LogWorld: Bringing World /Game/Maps/UEDPIE_0_Overworld.Overworld up for play (max tick rate 60) at 2017.02.03-06.42.28
[2017.02.03-14.42.28:522][445]LogWorld: Bringing up level for play took: 0.002797
[2017.02.03-14.42.28:523][445]LogGameMode:Display: Match State Changed from EnteringMap to WaitingToStart
[2017.02.03-14.42.28:523][445]LogGameState: Match State Changed from EnteringMap to WaitingToStart
[2017.02.03-14.42.28:523][445]LogGameMode:Display: Match State Changed from WaitingToStart to InProgress
[2017.02.03-14.42.28:524][445]LogGameState: Match State Changed from WaitingToStart to InProgress
[2017.02.03-14.42.28:524][445]PIE: Info Play in editor start time for /Game/Maps/UEDPIE_0_Overworld 0.88
[2017.02.03-14.42.28:525][445]LogBlueprintUserMessages: Late PlayInEditor Detection: Level '/Game/Maps/Overworld.Overworld:PersistentLevel' has LevelScriptBlueprint '/Game/Maps/Overworld.Overworld:PersistentLevel.Overworld' with GeneratedClass '/Game/Maps/Overworld.Overworld_C' with ClassGeneratedBy '/Game/Maps/Overworld.Overworld:PersistentLevel.Overworld'
[2017.02.03-14.43.03:543][542]LogBlueprintUserMessages: Early EndPlayMap Detection: Level '/Game/Maps/Overworld.Overworld:PersistentLevel' has LevelScriptBlueprint '/Game/Maps/Overworld.Overworld:PersistentLevel.Overworld' with GeneratedClass '/Game/Maps/Overworld.Overworld_C' with ClassGeneratedBy '/Game/Maps/Overworld.Overworld:PersistentLevel.Overworld'
[2017.02.03-14.43.03:593][542]LogBlueprintUserMessages: Late EndPlayMap Detection: Level '/Game/Maps/Overworld.Overworld:PersistentLevel' has LevelScriptBlueprint '/Game/Maps/Overworld.Overworld:PersistentLevel.Overworld' with GeneratedClass '/Game/Maps/Overworld.Overworld_C' with ClassGeneratedBy '/Game/Maps/Overworld.Overworld:PersistentLevel.Overworld'
[2017.02.03-14.43.38:097][591]BlueprintLog: New page: Compile BP_NewScreen_01
[2017.02.03-14.43.38:257][591]BlueprintEditorCompileResults: Info The execution path doesn't end with a return node.  CastFailed
[2017.02.03-14.43.40:356][716]LogTemp: Repeting last play command: Selected Viewport
[2017.02.03-14.43.40:377][716]LogBlueprintUserMessages: Early PlayInEditor Detection: Level '/Game/Maps/Overworld.Overworld:PersistentLevel' has LevelScriptBlueprint '/Game/Maps/Overworld.Overworld:PersistentLevel.Overworld' with GeneratedClass '/Game/Maps/Overworld.Overworld_C' with ClassGeneratedBy '/Game/Maps/Overworld.Overworld:PersistentLevel.Overworld'
[2017.02.03-14.43.40:377][716]LogPlayLevel: PlayLevel: No blueprints needed recompiling
[2017.02.03-14.43.40:378][716]PIE: New page: PIE session: Overworld (Feb 2, 2017, 10:43:40 PM)
[2017.02.03-14.43.40:378][716]LogPlayLevel: Creating play world package: /Game/Maps/UEDPIE_0_Overworld
[2017.02.03-14.43.40:400][716]LogPlayLevel: PIE: StaticDuplicateObject took: (0.021343s)
[2017.02.03-14.43.40:401][716]LogAIModule: Creating AISystem for world Overworld
[2017.02.03-14.43.40:401][716]LogPlayLevel: PIE: World Init took: (0.001143s)
[2017.02.03-14.43.40:401][716]LogPlayLevel: PIE: Created PIE world by copying editor world from /Game/Maps/Overworld.Overworld to /Game/Maps/UEDPIE_0_Overworld.Overworld (0.022812s)
[2017.02.03-14.43.40:431][716]LogInit: XAudio2 using 'TSB-TV-C (NVIDIA High Definition Audio)' : 2 channels at 48 kHz using 16 bits per sample (channel mask 0x3)
[2017.02.03-14.43.40:436][716]LogInit: FAudioDevice initialized.
[2017.02.03-14.43.40:464][716]LogLoad: Game class is 'BP_OverworldGamemode_C'
[2017.02.03-14.43.40:467][716]LogWorld: Bringing World /Game/Maps/UEDPIE_0_Overworld.Overworld up for play (max tick rate 60) at 2017.02.03-06.43.40
[2017.02.03-14.43.40:467][716]LogWorld: Bringing up level for play took: 0.002664
[2017.02.03-14.43.40:468][716]LogGameMode:Display: Match State Changed from EnteringMap to WaitingToStart
[2017.02.03-14.43.40:468][716]LogGameState: Match State Changed from EnteringMap to WaitingToStart
[2017.02.03-14.43.40:468][716]LogGameMode:Display: Match State Changed from WaitingToStart to InProgress
[2017.02.03-14.43.40:470][716]LogGameState: Match State Changed from WaitingToStart to InProgress
[2017.02.03-14.43.40:470][716]PIE: Info Play in editor start time for /Game/Maps/UEDPIE_0_Overworld 0.825
[2017.02.03-14.43.40:470][716]LogBlueprintUserMessages: Late PlayInEditor Detection: Level '/Game/Maps/Overworld.Overworld:PersistentLevel' has LevelScriptBlueprint '/Game/Maps/Overworld.Overworld:PersistentLevel.Overworld' with GeneratedClass '/Game/Maps/Overworld.Overworld_C' with ClassGeneratedBy '/Game/Maps/Overworld.Overworld:PersistentLevel.Overworld'
[2017.02.03-14.44.21:038][145]LogBlueprintUserMessages: Early EndPlayMap Detection: Level '/Game/Maps/Overworld.Overworld:PersistentLevel' has LevelScriptBlueprint '/Game/Maps/Overworld.Overworld:PersistentLevel.Overworld' with GeneratedClass '/Game/Maps/Overworld.Overworld_C' with ClassGeneratedBy '/Game/Maps/Overworld.Overworld:PersistentLevel.Overworld'
[2017.02.03-14.44.21:095][145]LogBlueprintUserMessages: Late EndPlayMap Detection: Level '/Game/Maps/Overworld.Overworld:PersistentLevel' has LevelScriptBlueprint '/Game/Maps/Overworld.Overworld:PersistentLevel.Overworld' with GeneratedClass '/Game/Maps/Overworld.Overworld_C' with ClassGeneratedBy '/Game/Maps/Overworld.Overworld:PersistentLevel.Overworld'
[2017.02.03-14.44.23:123][261]Cmd: TRANSACTION UNDO
[2017.02.03-14.44.23:123][261]LogEditorTransaction: Undo Change Bool Pin Value
[2017.02.03-14.44.50:800][901]BlueprintLog: New page: Compile BP_NewScreen_01
[2017.02.03-14.44.50:964][901]BlueprintEditorCompileResults: Info The execution path doesn't end with a return node.  CastFailed
[2017.02.03-14.44.53:545][ 35]LogSavePackage: Save=169.56ms
[2017.02.03-14.44.53:545][ 35]LogSavePackage: Moving '../../../../../../Users/User/Documents/Unreal Projects/ProjectOne/FrogGame/Saved/Overworld8C7B329B404CCCE17C4BEC94F724A45E.tmp' to '../../../../../../Users/User/Documents/Unreal Projects/ProjectOne/FrogGame/Content/Maps/Overworld.umap'
[2017.02.03-14.44.53:551][ 35]LogSavePackage:Display: Finished SavePackage ../../../../../../Users/User/Documents/Unreal Projects/ProjectOne/FrogGame/Content/Maps/Overworld.umap
[2017.02.03-14.44.53:590][ 35]LogFileHelpers: Saving map 'Overworld' took 0.299
[2017.02.03-14.44.53:595][ 35]Cmd: OBJ SAVEPACKAGE PACKAGE="/Game/Blueprints/BP_NewScreen_01" FILE="../../../../../../Users/User/Documents/Unreal Projects/ProjectOne/FrogGame/Content/Blueprints/BP_NewScreen_01.uasset" SILENT=true
[2017.02.03-14.44.53:673][ 35]LogSavePackage: Save=65.82ms
[2017.02.03-14.44.53:673][ 35]LogSavePackage: Moving '../../../../../../Users/User/Documents/Unreal Projects/ProjectOne/FrogGame/Saved/BP_NewScreen_01D92F2D6A400C4C3C73B16498C06685C4.tmp' to '../../../../../../Users/User/Documents/Unreal Projects/ProjectOne/FrogGame/Content/Blueprints/BP_NewScreen_01.uasset'
[2017.02.03-14.44.53:675][ 35]LogSavePackage:Display: Finished SavePackage ../../../../../../Users/User/Documents/Unreal Projects/ProjectOne/FrogGame/Content/Blueprints/BP_NewScreen_01.uasset
[2017.02.03-14.44.53:679][ 35]Cmd: OBJ SAVEPACKAGE PACKAGE="/Game/Blueprints/BP_Teleport_01" FILE="../../../../../../Users/User/Documents/Unreal Projects/ProjectOne/FrogGame/Content/Blueprints/BP_Teleport_01.uasset" SILENT=true
[2017.02.03-14.44.53:728][ 35]LogSavePackage: Save=39.45ms
[2017.02.03-14.44.53:728][ 35]LogSavePackage: Moving '../../../../../../Users/User/Documents/Unreal Projects/ProjectOne/FrogGame/Saved/BP_Teleport_01991BB5EB4E63D79D61ED7CBA57233B30.tmp' to '../../../../../../Users/User/Documents/Unreal Projects/ProjectOne/FrogGame/Content/Blueprints/BP_Teleport_01.uasset'
[2017.02.03-14.44.53:731][ 35]LogSavePackage:Display: Finished SavePackage ../../../../../../Users/User/Documents/Unreal Projects/ProjectOne/FrogGame/Content/Blueprints/BP_Teleport_01.uasset
[2017.02.03-14.44.54:710][ 93]LogTemp: Repeting last play command: Selected Viewport
[2017.02.03-14.44.54:733][ 93]LogBlueprintUserMessages: Early PlayInEditor Detection: Level '/Game/Maps/Overworld.Overworld:PersistentLevel' has LevelScriptBlueprint '/Game/Maps/Overworld.Overworld:PersistentLevel.Overworld' with GeneratedClass '/Game/Maps/Overworld.Overworld_C' with ClassGeneratedBy '/Game/Maps/Overworld.Overworld:PersistentLevel.Overworld'
[2017.02.03-14.44.54:733][ 93]LogPlayLevel: PlayLevel: No blueprints needed recompiling
[2017.02.03-14.44.54:733][ 93]PIE: New page: PIE session: Overworld (Feb 2, 2017, 10:44:54 PM)
[2017.02.03-14.44.54:733][ 93]LogPlayLevel: Creating play world package: /Game/Maps/UEDPIE_0_Overworld
[2017.02.03-14.44.54:754][ 93]LogPlayLevel: PIE: StaticDuplicateObject took: (0.020289s)
[2017.02.03-14.44.54:754][ 93]LogAIModule: Creating AISystem for world Overworld
[2017.02.03-14.44.54:755][ 93]LogPlayLevel: PIE: World Init took: (0.000807s)
[2017.02.03-14.44.54:755][ 93]LogPlayLevel: PIE: Created PIE world by copying editor world from /Game/Maps/Overworld.Overworld to /Game/Maps/UEDPIE_0_Overworld.Overworld (0.021425s)
[2017.02.03-14.44.54:785][ 93]LogInit: XAudio2 using 'TSB-TV-C (NVIDIA High Definition Audio)' : 2 channels at 48 kHz using 16 bits per sample (channel mask 0x3)
[2017.02.03-14.44.54:790][ 93]LogInit: FAudioDevice initialized.
[2017.02.03-14.44.54:822][ 93]LogLoad: Game class is 'BP_OverworldGamemode_C'
[2017.02.03-14.44.54:825][ 93]LogWorld: Bringing World /Game/Maps/UEDPIE_0_Overworld.Overworld up for play (max tick rate 60) at 2017.02.03-06.44.54
[2017.02.03-14.44.54:826][ 93]LogWorld: Bringing up level for play took: 0.002807
[2017.02.03-14.44.54:826][ 93]LogGameMode:Display: Match State Changed from EnteringMap to WaitingToStart
[2017.02.03-14.44.54:826][ 93]LogGameState: Match State Changed from EnteringMap to WaitingToStart
[2017.02.03-14.44.54:827][ 93]LogGameMode:Display: Match State Changed from WaitingToStart to InProgress
[2017.02.03-14.44.54:828][ 93]LogGameState: Match State Changed from WaitingToStart to InProgress
[2017.02.03-14.44.54:828][ 93]PIE: Info Play in editor start time for /Game/Maps/UEDPIE_0_Overworld -0.816
[2017.02.03-14.44.54:828][ 93]LogBlueprintUserMessages: Late PlayInEditor Detection: Level '/Game/Maps/Overworld.Overworld:PersistentLevel' has LevelScriptBlueprint '/Game/Maps/Overworld.Overworld:PersistentLevel.Overworld' with GeneratedClass '/Game/Maps/Overworld.Overworld_C' with ClassGeneratedBy '/Game/Maps/Overworld.Overworld:PersistentLevel.Overworld'
[2017.02.03-14.45.37:627][654]LogBlueprintUserMessages: Early EndPlayMap Detection: Level '/Game/Maps/Overworld.Overworld:PersistentLevel' has LevelScriptBlueprint '/Game/Maps/Overworld.Overworld:PersistentLevel.Overworld' with GeneratedClass '/Game/Maps/Overworld.Overworld_C' with ClassGeneratedBy '/Game/Maps/Overworld.Overworld:PersistentLevel.Overworld'
[2017.02.03-14.45.37:677][654]LogBlueprintUserMessages: Late EndPlayMap Detection: Level '/Game/Maps/Overworld.Overworld:PersistentLevel' has LevelScriptBlueprint '/Game/Maps/Overworld.Overworld:PersistentLevel.Overworld' with GeneratedClass '/Game/Maps/Overworld.Overworld_C' with ClassGeneratedBy '/Game/Maps/Overworld.Overworld:PersistentLevel.Overworld'
[2017.02.03-14.46.06:430][371]LogTemp: Repeting last play command: Selected Viewport
[2017.02.03-14.46.06:452][371]LogBlueprintUserMessages: Early PlayInEditor Detection: Level '/Game/Maps/Overworld.Overworld:PersistentLevel' has LevelScriptBlueprint '/Game/Maps/Overworld.Overworld:PersistentLevel.Overworld' with GeneratedClass '/Game/Maps/Overworld.Overworld_C' with ClassGeneratedBy '/Game/Maps/Overworld.Overworld:PersistentLevel.Overworld'
[2017.02.03-14.46.06:453][371]LogPlayLevel: PlayLevel: No blueprints needed recompiling
[2017.02.03-14.46.06:453][371]PIE: New page: PIE session: Overworld (Feb 2, 2017, 10:46:06 PM)
[2017.02.03-14.46.06:453][371]LogPlayLevel: Creating play world package: /Game/Maps/UEDPIE_0_Overworld
[2017.02.03-14.46.06:473][371]LogPlayLevel: PIE: StaticDuplicateObject took: (0.020243s)
[2017.02.03-14.46.06:474][371]LogAIModule: Creating AISystem for world Overworld
[2017.02.03-14.46.06:475][371]LogPlayLevel: PIE: World Init took: (0.001135s)
[2017.02.03-14.46.06:475][371]LogPlayLevel: PIE: Created PIE world by copying editor world from /Game/Maps/Overworld.Overworld to /Game/Maps/UEDPIE_0_Overworld.Overworld (0.021706s)
[2017.02.03-14.46.06:506][371]LogInit: XAudio2 using 'TSB-TV-C (NVIDIA High Definition Audio)' : 2 channels at 48 kHz using 16 bits per sample (channel mask 0x3)
[2017.02.03-14.46.06:510][371]LogInit: FAudioDevice initialized.
[2017.02.03-14.46.06:544][371]LogLoad: Game class is 'BP_OverworldGamemode_C'
[2017.02.03-14.46.06:547][371]LogWorld: Bringing World /Game/Maps/UEDPIE_0_Overworld.Overworld up for play (max tick rate 60) at 2017.02.03-06.46.06
[2017.02.03-14.46.06:548][371]LogWorld: Bringing up level for play took: 0.002747
[2017.02.03-14.46.06:548][371]LogGameMode:Display: Match State Changed from EnteringMap to WaitingToStart
[2017.02.03-14.46.06:548][371]LogGameState: Match State Changed from EnteringMap to WaitingToStart
[2017.02.03-14.46.06:548][371]LogGameMode:Display: Match State Changed from WaitingToStart to InProgress
[2017.02.03-14.46.06:550][371]LogGameState: Match State Changed from WaitingToStart to InProgress
[2017.02.03-14.46.06:550][371]PIE: Info Play in editor start time for /Game/Maps/UEDPIE_0_Overworld 0.905
[2017.02.03-14.46.06:550][371]LogBlueprintUserMessages: Late PlayInEditor Detection: Level '/Game/Maps/Overworld.Overworld:PersistentLevel' has LevelScriptBlueprint '/Game/Maps/Overworld.Overworld:PersistentLevel.Overworld' with GeneratedClass '/Game/Maps/Overworld.Overworld_C' with ClassGeneratedBy '/Game/Maps/Overworld.Overworld:PersistentLevel.Overworld'
[2017.02.03-14.46.49:053][911]LogBlueprintUserMessages: Early EndPlayMap Detection: Level '/Game/Maps/Overworld.Overworld:PersistentLevel' has LevelScriptBlueprint '/Game/Maps/Overworld.Overworld:PersistentLevel.Overworld' with GeneratedClass '/Game/Maps/Overworld.Overworld_C' with ClassGeneratedBy '/Game/Maps/Overworld.Overworld:PersistentLevel.Overworld'
[2017.02.03-14.46.49:106][911]LogBlueprintUserMessages: Late EndPlayMap Detection: Level '/Game/Maps/Overworld.Overworld:PersistentLevel' has LevelScriptBlueprint '/Game/Maps/Overworld.Overworld:PersistentLevel.Overworld' with GeneratedClass '/Game/Maps/Overworld.Overworld_C' with ClassGeneratedBy '/Game/Maps/Overworld.Overworld:PersistentLevel.Overworld'
[2017.02.03-14.48.10:875][878]LogActorComponent: UnregisterComponent: (/Engine/Transient.EditorFloorComp) Not registered. Aborting.
[2017.02.03-14.48.10:955][878]LogActorComponent: UnregisterComponent: (/Engine/Transient.EditorFloorComp) Not registered. Aborting.
[2017.02.03-14.48.11:009][878]LogWindowsTextInputMethodSystem:Display: IME system now deactivated.
[2017.02.03-14.48.11:009][878]LogWindowsTextInputMethodSystem:Display: IME system now deactivated.
[2017.02.03-14.48.11:197][879]Cmd: QUIT_EDITOR
[2017.02.03-14.48.11:627][879]LogExit: Preparing to exit.
[2017.02.03-14.48.12:430][879]LogDirectoryWatcher: A directory notification for 'C:/Users/User/Documents/Unreal Projects/ProjectOne/FrogGame/Content/' was aborted.
[2017.02.03-14.48.12:465][879]LogExit: Editor shut down
[2017.02.03-14.48.12:466][879]LogExit: Transaction tracking system shut down
[2017.02.03-14.48.12:569][879]LogObj: Freed 0b from 0 cluster array pools.
[2017.02.03-14.48.12:569][879]LogExit: Object subsystem successfully closed.
[2017.02.03-14.48.12:594][879]LogD3D11RHI: Shutdown
[2017.02.03-14.48.12:594][879]LogD3D11RHI: CleanupD3DDevice
[2017.02.03-14.48.12:660][879]LogD3D11RHI: ~FD3D11DynamicRHI
[2017.02.03-14.48.12:671][879]LogHttp:Display: Http module shutting down, but needs to wait on 1 outstanding Http requests:
[2017.02.03-14.48.12:671][879]LogHttp:Display: 	verb=[POST] url=[https://datarouter.ol.epicgames.com/datarouter/api/v1/public/data?SessionID=%7B2F11FFFB-4408-0D6E-D970-7C87F91704F1%7D&AppID=UEEditor.Rocket.Release&AppVersion=4.14.1-3224400%2B%2B%2BUE4%2BRelease-4.14&UserID=905ee1d743238b81a35b58a174211921%7C55466c43de18414c8f0863416c464ead%7C4c73c4f3-d172-495e-89b0-996f82cf7596&AppEnvironment=datacollector-binary&UploadType=eteventstream] status=Processing
[2017.02.03-14.48.12:675][879]LogModuleManager: Shutting down and abandoning module MovieSceneCapture (244)
[2017.02.03-14.48.12:675][879]LogModuleManager: Shutting down and abandoning module BlueprintGraph (243)
[2017.02.03-14.48.12:675][879]LogModuleManager: Shutting down and abandoning module BlueprintProfiler (242)
[2017.02.03-14.48.12:675][879]LogModuleManager: Shutting down and abandoning module HierarchicalLODOutliner (241)
[2017.02.03-14.48.12:675][879]LogModuleManager: Shutting down and abandoning module CrashTracker (240)
[2017.02.03-14.48.12:675][879]LogModuleManager: Shutting down and abandoning module SceneOutliner (239)
[2017.02.03-14.48.12:675][879]LogModuleManager: Shutting down and abandoning module WidgetCarousel (238)
[2017.02.03-14.48.12:675][879]LogModuleManager: Shutting down and abandoning module AddContentDialog (237)
[2017.02.03-14.48.12:675][879]LogDirectoryWatcher: A directory notification for 'C:/Program Files (x86)/Epic Games/4.14/FeaturePacks/' was aborted.
[2017.02.03-14.48.12:676][879]LogModuleManager: Shutting down and abandoning module GameplayTags (236)
[2017.02.03-14.48.12:676][879]LogModuleManager: Shutting down and abandoning module EditorWidgets (235)
[2017.02.03-14.48.12:676][879]LogModuleManager: Shutting down and abandoning module CollectionManager (234)
[2017.02.03-14.48.12:676][879]LogDirectoryWatcher: A directory notification for 'C:/Users/User/Documents/Unreal Projects/ProjectOne/FrogGame/Content/Collections/' was aborted.
[2017.02.03-14.48.12:676][879]LogDirectoryWatcher: A directory notification for 'C:/Users/User/Documents/Unreal Projects/ProjectOne/FrogGame/Content/Developers/User/Collections/' was aborted.
[2017.02.03-14.48.12:676][879]LogDirectoryWatcher: A directory notification for 'C:/Users/User/Documents/Unreal Projects/ProjectOne/FrogGame/Saved/Collections/' was aborted.
[2017.02.03-14.48.12:676][879]LogModuleManager: Shutting down and abandoning module StatsViewer (233)
[2017.02.03-14.48.12:676][879]LogModuleManager: Shutting down and abandoning module FoliageEdit (232)
[2017.02.03-14.48.12:676][879]LogModuleManager: Shutting down and abandoning module LandscapeEditor (231)
[2017.02.03-14.48.12:676][879]LogModuleManager: Shutting down and abandoning module SceneDepthPickerMode (230)
[2017.02.03-14.48.12:676][879]LogModuleManager: Shutting down and abandoning module ActorPickerMode (229)
[2017.02.03-14.48.12:676][879]LogModuleManager: Shutting down and abandoning module GeometryMode (228)
[2017.02.03-14.48.12:676][879]LogModuleManager: Shutting down and abandoning module TextureAlignMode (227)
[2017.02.03-14.48.12:676][879]LogModuleManager: Shutting down and abandoning module BspMode (226)
[2017.02.03-14.48.12:676][879]LogModuleManager: Shutting down and abandoning module HardwareSurvey (225)
[2017.02.03-14.48.12:676][879]LogModuleManager: Shutting down and abandoning module SequenceRecorderSections (224)
[2017.02.03-14.48.12:676][879]LogModuleManager: Shutting down and abandoning module AutomationWorker (223)
[2017.02.03-14.48.12:676][879]LogModuleManager: Shutting down and abandoning module MatineeToLevelSequence (222)
[2017.02.03-14.48.12:676][879]LogModuleManager: Shutting down and abandoning module PlacementMode (221)
[2017.02.03-14.48.12:676][879]LogModuleManager: Shutting down and abandoning module LevelSequenceEditor (220)
[2017.02.03-14.48.12:677][879]LogModuleManager: Shutting down and abandoning module WmfMediaFactory (219)
[2017.02.03-14.48.12:677][879]LogModuleManager: Shutting down and abandoning module WmfMediaEditor (218)
[2017.02.03-14.48.12:677][879]LogModuleManager: Shutting down and abandoning module AvfMediaFactory (217)
[2017.02.03-14.48.12:677][879]LogModuleManager: Shutting down and abandoning module AvfMediaEditor (216)
[2017.02.03-14.48.12:677][879]LogModuleManager: Shutting down and abandoning module Media (215)
[2017.02.03-14.48.12:677][879]LogModuleManager: Shutting down and abandoning module AndroidMediaFactory (214)
[2017.02.03-14.48.12:677][879]LogModuleManager: Shutting down and abandoning module AndroidMediaEditor (213)
[2017.02.03-14.48.12:677][879]LogModuleManager: Shutting down and abandoning module CharacterAI (212)
[2017.02.03-14.48.12:677][879]LogModuleManager: Shutting down and abandoning module SequenceRecorder (211)
[2017.02.03-14.48.12:677][879]LogModuleManager: Shutting down and abandoning module AudioCapture (210)
[2017.02.03-14.48.12:677][879]LogModuleManager: Shutting down and abandoning module SmartSnapping (209)
[2017.02.03-14.48.12:677][879]LogModuleManager: Shutting down and abandoning module SessionServices (208)
[2017.02.03-14.48.12:677][879]LogModuleManager: Shutting down and abandoning module ViewportSnapping (207)
[2017.02.03-14.48.12:677][879]LogModuleManager: Shutting down and abandoning module ViewportInteraction (206)
[2017.02.03-14.48.12:677][879]LogModuleManager: Shutting down and abandoning module LogVisualizer (205)
[2017.02.03-14.48.12:677][879]LogModuleManager: Shutting down and abandoning module GameProjectGeneration (204)
[2017.02.03-14.48.12:677][879]LogModuleManager: Shutting down and abandoning module IntroTutorials (203)
[2017.02.03-14.48.12:677][879]LogModuleManager: Shutting down and abandoning module EditorLiveStreaming (202)
[2017.02.03-14.48.12:677][879]LogModuleManager: Shutting down and abandoning module IOSPlatformEditor (201)
[2017.02.03-14.48.12:677][879]LogModuleManager: Shutting down and abandoning module HTML5PlatformEditor (200)
[2017.02.03-14.48.12:677][879]LogModuleManager: Shutting down and abandoning module AndroidDeviceDetection (199)
[2017.02.03-14.48.13:192][879]LogModuleManager: Shutting down and abandoning module AndroidPlatformEditor (198)
[2017.02.03-14.48.13:192][879]LogModuleManager: Shutting down and abandoning module IOSRuntimeSettings (197)
[2017.02.03-14.48.13:192][879]LogModuleManager: Shutting down and abandoning module AndroidRuntimeSettings (196)
[2017.02.03-14.48.13:192][879]LogModuleManager: Shutting down and abandoning module InputBindingEditor (195)
[2017.02.03-14.48.13:192][879]LogModuleManager: Shutting down and abandoning module NiagaraEditor (194)
[2017.02.03-14.48.13:192][879]LogModuleManager: Shutting down and abandoning module MergeActors (193)
[2017.02.03-14.48.13:192][879]LogModuleManager: Shutting down and abandoning module SizeMap (192)
[2017.02.03-14.48.13:192][879]LogModuleManager: Shutting down and abandoning module TreeMap (191)
[2017.02.03-14.48.13:192][879]LogModuleManager: Shutting down and abandoning module ReferenceViewer (190)
[2017.02.03-14.48.13:192][879]LogModuleManager: Shutting down and abandoning module LocalizationService (189)
[2017.02.03-14.48.13:192][879]LogModuleManager: Shutting down and abandoning module LocalizationDashboard (188)
[2017.02.03-14.48.13:192][879]LogModuleManager: Shutting down and abandoning module HardwareTargeting (187)
[2017.02.03-14.48.13:192][879]LogModuleManager: Shutting down and abandoning module DeviceProfileEditor (186)
[2017.02.03-14.48.13:192][879]LogModuleManager: Shutting down and abandoning module UndoHistory (185)
[2017.02.03-14.48.13:192][879]LogModuleManager: Shutting down and abandoning module UserFeedback (184)
[2017.02.03-14.48.13:192][879]LogModuleManager: Shutting down and abandoning module XmlParser (183)
[2017.02.03-14.48.13:192][879]LogModuleManager: Shutting down and abandoning module Blutility (182)
[2017.02.03-14.48.13:192][879]LogModuleManager: Shutting down and abandoning module ProjectTargetPlatformEditor (181)
[2017.02.03-14.48.13:193][879]LogModuleManager: Shutting down and abandoning module ProjectSettingsViewer (180)
[2017.02.03-14.48.13:193][879]LogModuleManager: Shutting down and abandoning module EditorSettingsViewer (179)
[2017.02.03-14.48.13:193][879]LogModuleManager: Shutting down and abandoning module SettingsEditor (178)
[2017.02.03-14.48.13:193][879]LogModuleManager: Shutting down and abandoning module ProjectLauncher (177)
[2017.02.03-14.48.13:193][879]LogModuleManager: Shutting down and abandoning module SessionFrontend (176)
[2017.02.03-14.48.13:193][879]LogModuleManager: Shutting down and abandoning module ProfilerClient (175)
[2017.02.03-14.48.13:193][879]LogModuleManager: Shutting down and abandoning module TargetDeviceServices (174)
[2017.02.03-14.48.13:193][879]LogModuleManager: Shutting down and abandoning module DeviceManager (173)
[2017.02.03-14.48.13:248][879]LogModuleManager: Shutting down and abandoning module AutomationController (172)
[2017.02.03-14.48.13:248][879]LogModuleManager: Shutting down and abandoning module AutomationWindow (171)
[2017.02.03-14.48.13:248][879]LogModuleManager: Shutting down and abandoning module Layers (170)
[2017.02.03-14.48.13:248][879]LogModuleManager: Shutting down and abandoning module ComponentVisualizers (169)
[2017.02.03-14.48.13:248][879]LogModuleManager: Shutting down and abandoning module DetailCustomizations (168)
[2017.02.03-14.48.13:248][879]LogModuleManager: Shutting down and abandoning module PackagesDialog (167)
[2017.02.03-14.48.13:248][879]LogModuleManager: Shutting down and abandoning module AnimGraph (166)
[2017.02.03-14.48.13:248][879]LogModuleManager: Shutting down and abandoning module Persona (165)
[2017.02.03-14.48.13:248][879]LogModuleManager: Shutting down and abandoning module Kismet (164)
[2017.02.03-14.48.13:255][879]LogModuleManager: Shutting down and abandoning module GraphEditor (163)
[2017.02.03-14.48.13:255][879]LogModuleManager: Shutting down and abandoning module ClassViewer (162)
[2017.02.03-14.48.13:255][879]LogModuleManager: Shutting down and abandoning module Toolbox (161)
[2017.02.03-14.48.13:255][879]LogModuleManager: Shutting down and abandoning module ModuleUI (160)
[2017.02.03-14.48.13:255][879]LogModuleManager: Shutting down and abandoning module MovieSceneTools (159)
[2017.02.03-14.48.13:255][879]LogModuleManager: Shutting down and abandoning module OutputLog (158)
[2017.02.03-14.48.13:255][879]LogModuleManager: Shutting down and abandoning module GammaUI (157)
[2017.02.03-14.48.13:255][879]LogModuleManager: Shutting down and abandoning module Documentation (156)
[2017.02.03-14.48.13:255][879]LogModuleManager: Shutting down and abandoning module Niagara (155)
[2017.02.03-14.48.13:255][879]LogModuleManager: Shutting down and abandoning module StreamingPauseRendering (154)
[2017.02.03-14.48.13:255][879]LogModuleManager: Shutting down and abandoning module AnalyticsET (153)
[2017.02.03-14.48.13:255][879]LogModuleManager: Shutting down and abandoning module PortalServices (152)
[2017.02.03-14.48.13:255][879]LogModuleManager: Shutting down and abandoning module PortalRpc (151)
[2017.02.03-14.48.13:255][879]LogModuleManager: Shutting down and abandoning module MessagingRpc (150)
[2017.02.03-14.48.13:255][879]LogModuleManager: Shutting down and abandoning module GameplayDebugger (149)
[2017.02.03-14.48.13:255][879]LogModuleManager: Shutting down and abandoning module AITestSuite (148)
[2017.02.03-14.48.13:255][879]LogModuleManager: Shutting down and abandoning module AIModule (147)
[2017.02.03-14.48.13:255][879]LogModuleManager: Shutting down and abandoning module ProfilerService (146)
[2017.02.03-14.48.13:365][879]LogModuleManager: Shutting down and abandoning module TaskGraph (145)
[2017.02.03-14.48.13:365][879]LogModuleManager: Shutting down and abandoning module SlateRemote (144)
[2017.02.03-14.48.13:365][879]LogModuleManager: Shutting down and abandoning module SteamVRController (143)
[2017.02.03-14.48.13:365][879]LogModuleManager: Shutting down and abandoning module SteamVR (142)
[2017.02.03-14.48.13:365][879]LogModuleManager: Shutting down and abandoning module ProceduralMeshComponentEditor (141)
[2017.02.03-14.48.13:365][879]LogModuleManager: Shutting down and abandoning module ProceduralMeshComponent (140)
[2017.02.03-14.48.13:365][879]LogModuleManager: Shutting down and abandoning module OculusLibrary (139)
[2017.02.03-14.48.13:365][879]LogModuleManager: Shutting down and abandoning module OculusInput (138)
[2017.02.03-14.48.13:365][879]LogModuleManager: Shutting down and abandoning module MobilePatchingUtils (137)
[2017.02.03-14.48.13:365][879]LogModuleManager: Shutting down and abandoning module CustomMeshComponent (136)
[2017.02.03-14.48.13:365][879]LogModuleManager: Shutting down and abandoning module CableComponent (135)
[2017.02.03-14.48.13:365][879]LogModuleManager: Shutting down and abandoning module ArchVisCharacter (134)
[2017.02.03-14.48.13:365][879]LogModuleManager: Shutting down and abandoning module MediaPlayerEditor (132)
[2017.02.03-14.48.13:365][879]LogModuleManager: Shutting down and abandoning module HTML5Networking (131)
[2017.02.03-14.48.13:365][879]LogModuleManager: Shutting down and abandoning module GeometryCacheEd (130)
[2017.02.03-14.48.13:365][879]LogModuleManager: Shutting down and abandoning module GeometryCache (129)
[2017.02.03-14.48.13:365][879]LogModuleManager: Shutting down and abandoning module AlembicLibrary (128)
[2017.02.03-14.48.13:365][879]LogModuleManager: Shutting down and abandoning module AlembicImporter (127)
[2017.02.03-14.48.13:365][879]LogModuleManager: Shutting down and abandoning module SuperSearch (126)
[2017.02.03-14.48.13:365][879]LogModuleManager: Shutting down and abandoning module SuperSearchEditor (125)
[2017.02.03-14.48.13:365][879]LogModuleManager: Shutting down and abandoning module SpeedTreeImporter (124)
[2017.02.03-14.48.13:365][879]LogModuleManager: Shutting down and abandoning module PluginBrowser (123)
[2017.02.03-14.48.13:365][879]LogModuleManager: Shutting down and abandoning module MobileLauncherProfileWizard (122)
[2017.02.03-14.48.13:366][879]LogModuleManager: Shutting down and abandoning module EpicSurvey (121)
[2017.02.03-14.48.13:366][879]LogModuleManager: Shutting down and abandoning module DesktopPlatform (120)
[2017.02.03-14.48.13:366][879]LogModuleManager: Shutting down and abandoning module VisualStudioSourceCodeAccess (119)
[2017.02.03-14.48.13:366][879]LogModuleManager: Shutting down and abandoning module UObjectPlugin (118)
[2017.02.03-14.48.13:366][879]LogModuleManager: Shutting down and abandoning module SubversionSourceControl (117)
[2017.02.03-14.48.13:366][879]LogModuleManager: Shutting down and abandoning module PerforceSourceControl (116)
[2017.02.03-14.48.13:366][879]LogModuleManager: Shutting down and abandoning module SourceControl (115)
[2017.02.03-14.48.13:366][879]LogModuleManager: Shutting down and abandoning module GitSourceControl (114)
[2017.02.03-14.48.13:366][879]LogModuleManager: Shutting down and abandoning module LightPropagationVolumeEditor (113)
[2017.02.03-14.48.13:366][879]LogModuleManager: Shutting down and abandoning module PaperTiledImporter (112)
[2017.02.03-14.48.13:366][879]LogModuleManager: Shutting down and abandoning module PaperSpriteSheetImporter (111)
[2017.02.03-14.48.13:366][879]LogModuleManager: Shutting down and abandoning module MeshPaint (110)
[2017.02.03-14.48.13:366][879]LogModuleManager: Shutting down and abandoning module PixelInspectorModule (109)
[2017.02.03-14.48.13:366][879]LogModuleManager: Shutting down and abandoning module HotReload (108)
[2017.02.03-14.48.13:366][879]LogModuleManager: Shutting down and abandoning module MainFrame (107)
[2017.02.03-14.48.13:366][879]LogModuleManager: Shutting down and abandoning module LevelEditor (106)
[2017.02.03-14.48.13:367][879]LogModuleManager: Shutting down and abandoning module ContentBrowser (105)
[2017.02.03-14.48.13:368][879]LogModuleManager: Shutting down and abandoning module Paper2DEditor (104)
[2017.02.03-14.48.13:368][879]LogModuleManager: Shutting down and abandoning module UdpMessaging (103)
[2017.02.03-14.48.13:470][879]LogModuleManager: Shutting down and abandoning module TcpMessaging (102)
[2017.02.03-14.48.13:570][879]LogModuleManager: Shutting down and abandoning module LightPropagationVolumeRuntime (101)
[2017.02.03-14.48.13:570][879]LogModuleManager: Shutting down and abandoning module Paper2D (100)
[2017.02.03-14.48.13:570][879]LogModuleManager: Shutting down and abandoning module WindowsMoviePlayer (99)
[2017.02.03-14.48.13:570][879]LogModuleManager: Shutting down and abandoning module WmfMedia (98)
[2017.02.03-14.48.13:570][879]LogModuleManager: Shutting down and abandoning module MediaAssets (97)
[2017.02.03-14.48.13:570][879]LogModuleManager: Shutting down and abandoning module GameLiveStreaming (96)
[2017.02.03-14.48.13:570][879]LogModuleManager: Shutting down and abandoning module GameplayTagsEditor (95)
[2017.02.03-14.48.13:570][879]LogModuleManager: Shutting down and abandoning module VREditor (94)
[2017.02.03-14.48.13:570][879]LogModuleManager: Shutting down and abandoning module GameplayTasksEditor (93)
[2017.02.03-14.48.13:570][879]LogModuleManager: Shutting down and abandoning module BehaviorTreeEditor (92)
[2017.02.03-14.48.13:570][879]LogModuleManager: Shutting down and abandoning module FunctionalTesting (91)
[2017.02.03-14.48.13:570][879]LogModuleManager: Shutting down and abandoning module CollisionAnalyzer (90)
[2017.02.03-14.48.13:570][879]LogModuleManager: Shutting down and abandoning module Sequencer (89)
[2017.02.03-14.48.13:570][879]LogModuleManager: Shutting down and abandoning module WorkspaceMenuStructure (88)
[2017.02.03-14.48.13:570][879]LogModuleManager: Shutting down and abandoning module MessageLog (87)
[2017.02.03-14.48.13:570][879]LogModuleManager: Shutting down and abandoning module AssetTools (86)
[2017.02.03-14.48.13:570][879]LogModuleManager: Shutting down and abandoning module UMGEditor (85)
[2017.02.03-14.48.13:570][879]LogModuleManager: Shutting down and abandoning module UMG (84)
[2017.02.03-14.48.13:570][879]LogModuleManager: Shutting down and abandoning module SlateReflector (83)
[2017.02.03-14.48.13:570][879]LogModuleManager: Shutting down and abandoning module Slate (82)
[2017.02.03-14.48.13:570][879]LogModuleManager: Shutting down and abandoning module EditorStyle (81)
[2017.02.03-14.48.13:572][879]LogModuleManager: Shutting down and abandoning module SourceCodeAccess (80)
[2017.02.03-14.48.13:572][879]LogModuleManager: Shutting down and abandoning module HeadMountedDisplay (79)
[2017.02.03-14.48.13:572][879]LogModuleManager: Shutting down and abandoning module XAudio2 (78)
[2017.02.03-14.48.13:572][879]LogModuleManager: Shutting down and abandoning module Networking (76)
[2017.02.03-14.48.13:572][879]LogModuleManager: Shutting down and abandoning module Core (75)
[2017.02.03-14.48.13:572][879]LogModuleManager: Shutting down and abandoning module DirectoryWatcher (74)
[2017.02.03-14.48.13:572][879]LogDirectoryWatcher: A directory notification for '../../../Engine/Content/' was aborted.
[2017.02.03-14.48.13:572][879]LogDirectoryWatcher: A directory notification for '../../../../../../Users/User/Documents/Unreal Projects/ProjectOne/FrogGame/Content/' was aborted.
[2017.02.03-14.48.13:573][879]LogDirectoryWatcher: A directory notification for '../../../Engine/Plugins/2D/Paper2D/Content/' was aborted.
[2017.02.03-14.48.13:573][879]LogModuleManager: Shutting down and abandoning module AssetRegistry (73)
[2017.02.03-14.48.13:699][879]LogModuleManager: Shutting down and abandoning module KismetCompiler (72)
[2017.02.03-14.48.13:699][879]LogModuleManager: Shutting down and abandoning module PhysXFormats (71)
[2017.02.03-14.48.13:699][879]LogModuleManager: Shutting down and abandoning module SimplygonSwarm (70)
[2017.02.03-14.48.13:699][879]LogModuleManager: Shutting down and abandoning module SimplygonMeshReduction (69)
[2017.02.03-14.48.13:699][879]LogModuleManager: Shutting down and abandoning module QuadricMeshReduction (68)
[2017.02.03-14.48.13:699][879]LogModuleManager: Shutting down and abandoning module PropertyEditor (67)
[2017.02.03-14.48.13:699][879]LogModuleManager: Shutting down and abandoning module MeshUtilities (66)
[2017.02.03-14.48.13:699][879]LogModuleManager: Shutting down and abandoning module DerivedDataCache (65)
[2017.02.03-14.48.13:740][879]LogDerivedDataCache: Shutdown
[2017.02.03-14.48.13:740][879]LogModuleManager: Shutting down and abandoning module VulkanShaderFormat (64)
[2017.02.03-14.48.13:740][879]LogModuleManager: Shutting down and abandoning module ShaderFormatOpenGL (63)
[2017.02.03-14.48.13:740][879]LogModuleManager: Shutting down and abandoning module ShaderFormatD3D (62)
[2017.02.03-14.48.13:740][879]LogModuleManager: Shutting down and abandoning module MetalShaderFormat (61)
[2017.02.03-14.48.13:740][879]LogModuleManager: Shutting down and abandoning module TextureFormatUncompressed (60)
[2017.02.03-14.48.13:740][879]LogModuleManager: Shutting down and abandoning module TextureFormatPVR (59)
[2017.02.03-14.48.13:740][879]LogModuleManager: Shutting down and abandoning module TextureFormatDXT (58)
[2017.02.03-14.48.13:740][879]LogModuleManager: Shutting down and abandoning module TextureFormatIntelISPCTexComp (57)
[2017.02.03-14.48.13:740][879]LogModuleManager: Shutting down and abandoning module ImageWrapper (56)
[2017.02.03-14.48.13:740][879]LogModuleManager: Shutting down and abandoning module TextureFormatASTC (55)
[2017.02.03-14.48.13:740][879]LogModuleManager: Shutting down and abandoning module TextureFormatAndroid (54)
[2017.02.03-14.48.13:740][879]LogModuleManager: Shutting down and abandoning module AudioFormatOpus (53)
[2017.02.03-14.48.13:740][879]LogModuleManager: Shutting down and abandoning module AudioFormatOgg (52)
[2017.02.03-14.48.13:740][879]LogModuleManager: Shutting down and abandoning module AudioFormatADPCM (51)
[2017.02.03-14.48.13:740][879]LogModuleManager: Shutting down and abandoning module LinuxTargetPlatform (50)
[2017.02.03-14.48.13:740][879]LogModuleManager: Shutting down and abandoning module LinuxServerTargetPlatform (49)
[2017.02.03-14.48.13:740][879]LogModuleManager: Shutting down and abandoning module LinuxNoEditorTargetPlatform (48)
[2017.02.03-14.48.13:740][879]LogModuleManager: Shutting down and abandoning module LinuxClientTargetPlatform (47)
[2017.02.03-14.48.13:741][879]LogModuleManager: Shutting down and abandoning module TVOSTargetPlatform (46)
[2017.02.03-14.48.13:741][879]LogModuleManager: Shutting down and abandoning module Messaging (45)
[2017.02.03-14.48.13:741][879]LogModuleManager: Shutting down and abandoning module IOSTargetPlatform (44)
[2017.02.03-14.48.13:741][879]LogModuleManager: Shutting down and abandoning module HTML5TargetPlatform (43)
[2017.02.03-14.48.13:741][879]LogModuleManager: Shutting down and abandoning module Android_PVRTCTargetPlatform (42)
[2017.02.03-14.48.13:741][879]LogModuleManager: Shutting down and abandoning module Android_MultiTargetPlatform (41)
[2017.02.03-14.48.13:741][879]LogModuleManager: Shutting down and abandoning module Android_ETC2TargetPlatform (40)
[2017.02.03-14.48.13:741][879]LogModuleManager: Shutting down and abandoning module Android_ETC1TargetPlatform (39)
[2017.02.03-14.48.13:741][879]LogModuleManager: Shutting down and abandoning module Android_DXTTargetPlatform (38)
[2017.02.03-14.48.13:741][879]LogModuleManager: Shutting down and abandoning module Android_ATCTargetPlatform (37)
[2017.02.03-14.48.13:741][879]LogModuleManager: Shutting down and abandoning module Android_ASTCTargetPlatform (36)
[2017.02.03-14.48.13:741][879]LogModuleManager: Shutting down and abandoning module AndroidTargetPlatform (35)
[2017.02.03-14.48.13:741][879]LogModuleManager: Shutting down and abandoning module WindowsTargetPlatform (34)
[2017.02.03-14.48.13:741][879]LogModuleManager: Shutting down and abandoning module WindowsServerTargetPlatform (33)
[2017.02.03-14.48.13:741][879]LogModuleManager: Shutting down and abandoning module WindowsNoEditorTargetPlatform (32)
[2017.02.03-14.48.13:741][879]LogModuleManager: Shutting down and abandoning module WindowsClientTargetPlatform (31)
[2017.02.03-14.48.13:741][879]LogModuleManager: Shutting down and abandoning module MacTargetPlatform (30)
[2017.02.03-14.48.13:741][879]LogModuleManager: Shutting down and abandoning module MacServerTargetPlatform (29)
[2017.02.03-14.48.13:741][879]LogModuleManager: Shutting down and abandoning module MacNoEditorTargetPlatform (28)
[2017.02.03-14.48.13:741][879]LogModuleManager: Shutting down and abandoning module MacClientTargetPlatform (27)
[2017.02.03-14.48.13:741][879]LogModuleManager: Shutting down and abandoning module AllDesktopTargetPlatform (26)
[2017.02.03-14.48.13:741][879]LogModuleManager: Shutting down and abandoning module TargetPlatform (25)
[2017.02.03-14.48.13:741][879]LogModuleManager: Shutting down and abandoning module InputCore (24)
[2017.02.03-14.48.13:741][879]LogModuleManager: Shutting down and abandoning module Settings (23)
[2017.02.03-14.48.13:741][879]LogModuleManager: Shutting down and abandoning module OculusRift (22)
[2017.02.03-14.48.13:741][879]LogModuleManager: Shutting down and abandoning module ExampleDeviceProfileSelector (21)
[2017.02.03-14.48.13:741][879]LogModuleManager: Shutting down and abandoning module OnlineBlueprintSupport (20)
[2017.02.03-14.48.13:741][879]LogModuleManager: Shutting down and abandoning module OnlineSubsystem (18)
[2017.02.03-14.48.13:741][879]LogOnline:Display: Unloading online subsystem: NULL
[2017.02.03-14.48.13:741][879]LogModuleManager: Shutting down and abandoning module SSL (17)
[2017.02.03-14.48.13:742][879]LogModuleManager: Shutting down and abandoning module HTTP (16)
[2017.02.03-14.48.13:742][879]LogModuleManager: Shutting down and abandoning module XMPP (15)
[2017.02.03-14.48.13:742][879]LogModuleManager: Shutting down and abandoning module TextureCompressor (14)
[2017.02.03-14.48.13:743][879]LogModuleManager: Shutting down and abandoning module ShaderCore (13)
[2017.02.03-14.48.13:743][879]LogModuleManager: Shutting down and abandoning module Landscape (12)
[2017.02.03-14.48.13:743][879]LogModuleManager: Shutting down and abandoning module SlateRHIRenderer (11)
[2017.02.03-14.48.13:745][879]LogModuleManager: Shutting down and abandoning module OpenGLDrv (10)
[2017.02.03-14.48.13:745][879]LogModuleManager: Shutting down and abandoning module D3D11RHI (9)
[2017.02.03-14.48.13:745][879]LogModuleManager: Shutting down and abandoning module AnimGraphRuntime (8)
[2017.02.03-14.48.13:745][879]LogModuleManager: Shutting down and abandoning module Renderer (7)
[2017.02.03-14.48.13:745][879]LogModuleManager: Shutting down and abandoning module Engine (6)
[2017.02.03-14.48.13:745][879]LogModuleManager: Shutting down and abandoning module CoreUObject (5)
[2017.02.03-14.48.13:745][879]LogModuleManager: Shutting down and abandoning module NetworkFile (4)
[2017.02.03-14.48.13:745][879]LogModuleManager: Shutting down and abandoning module StreamingFile (3)
[2017.02.03-14.48.13:745][879]LogModuleManager: Shutting down and abandoning module SandboxFile (2)
[2017.02.03-14.48.13:745][879]LogModuleManager: Shutting down and abandoning module PakFile (1)
[2017.02.03-14.48.13:747][879]LogExit: Exiting.
[2017.02.03-14.48.13:748][879]Log file closed, 02/03/17 06:48:13
