Log file open, 09/03/16 12:29:57
LogInit:Display: Running engine for game: FrogGame
LogPlatformFile: Not using cached read wrapper
LogInit:Display: RandInit(1467581668) SRandInit(1467581670).
LogTaskGraph: Started task graph with 4 named threads and 7 total threads with 1 sets of task threads.
LogStats: Stats thread started at 0.121672
LogInit: Version: 4.12.3-3013449+++UE4+Release-4.12
LogInit: API Version: 2992821
LogInit: Net Version: 3013449
LogDevObjectVersion: Number of dev versions registered: 13
LogDevObjectVersion:   Dev-Blueprints (B0D832E4-1F89-4F0D-ACCF-7EB736FD4AA2): 3
LogDevObjectVersion:   Dev-Build (E1C64328-A22C-4D53-A36C-8E866417BD8C): 0
LogDevObjectVersion:   Dev-Core (375EC13C-06E4-48FB-B500-84F0262A717E): 1
LogDevObjectVersion:   Dev-Editor (E4B068ED-F494-42E9-A231-DA0B2E46BB41): 2
LogDevObjectVersion:   Dev-Framework (CFFC743F-43B0-4480-9391-14DF171D2073): 6
LogDevObjectVersion:   Dev-Mobile (B02B49B5-BB20-44E9-A304-32B752E40360): 0
LogDevObjectVersion:   Dev-Networking (A4E4105C-59A1-49B5-A7C5-40C4547EDFEE): 0
LogDevObjectVersion:   Dev-Online (39C831C9-5AE6-47DC-9A44-9C173E1C8E7C): 0
LogDevObjectVersion:   Dev-Physics (78F01B33-EBEA-4F98-B9B4-84EACCB95AA2): 0
LogDevObjectVersion:   Dev-Platform (6631380F-2D4D-43E0-8009-CF276956A95A): 0
LogDevObjectVersion:   Dev-Rendering (12F88B9F-8875-4AFC-A67C-D90C383ABD29): 2
LogDevObjectVersion:   Dev-Sequencer (7B5AE74C-D270-4C10-A958-57980B212A5A): 0
LogDevObjectVersion:   Dev-VR (D7296918-1DD6-4BDD-9DE2-64A83CC13884): 0
LogInit: Compiled (64-bit): Jun 14 2016 17:53:16
LogInit: Compiled with Visual C++: 19.00.23026.00
LogInit: Build Configuration: Development
LogInit: Branch Name: ++UE4+Release-4.12
LogInit: Command line:  
LogInit: Base directory: C:/Program Files (x86)/Epic Games/4.12/Engine/Binaries/Win64/
LogInit: Installed Engine Build: 1
LogInit: Using libcurl 7.41.0
LogInit:  - built for x86_64-pc-win32
LogInit:  - supports SSL with WinSSL
LogInit:  - other features:
LogInit:      CURL_VERSION_SSL
LogInit:      CURL_VERSION_IPV6
LogInit:      CURL_VERSION_ASYNCHDNS
LogInit:      CURL_VERSION_LARGEFILE
LogInit:      CURL_VERSION_IDN
LogInit:  CurlRequestOptions (configurable via config and command line):
LogInit:  - bVerifyPeer = true  - Libcurl will verify peer certificate
LogInit:  - bUseHttpProxy = false  - Libcurl will NOT use HTTP proxy
LogInit:  - bDontReuseConnections = false  - Libcurl will reuse connections
LogInit:  - CertBundlePath = nullptr  - Libcurl will use whatever was configured at build time.
LogInit: Presizing for max 8388607 objects, including 0 objects not considered by GC, pre-allocating 0 bytes for permanent pool.
LogInit: Object subsystem initialized
[2016.09.03-19.29.57:944][  0]LogInit: Selected Device Profile: [Windows]
[2016.09.03-19.29.57:944][  0]LogInit: Applying CVar settings loaded from the selected device profile: [Windows]
[2016.09.03-19.29.57:968][  0]LogInit: Computer: BRIANIAC
[2016.09.03-19.29.57:968][  0]LogInit: User: User
[2016.09.03-19.29.57:968][  0]LogInit: CPU Page size=65536, Cores=4
[2016.09.03-19.29.57:968][  0]LogInit: High frequency timer resolution =2.435780 MHz
[2016.09.03-19.29.57:968][  0]LogMemory: Memory total: Physical=24.0GB (24GB approx)
[2016.09.03-19.29.57:968][  0]LogMemory: Platform Memory Stats for Windows
[2016.09.03-19.29.57:968][  0]LogMemory: Process Physical Memory: 190.39 MB used, 190.39 MB peak
[2016.09.03-19.29.57:968][  0]LogMemory: Process Virtual Memory: 195.14 MB used, 195.14 MB peak
[2016.09.03-19.29.57:968][  0]LogMemory: Physical Memory: 4774.91 MB used, 24528.83 MB total
[2016.09.03-19.29.57:968][  0]LogMemory: Virtual Memory: 554.48 MB used, 134217728.00 MB total
[2016.09.03-19.29.58:234][  0]LogTextLocalizationManager: No specific translations for ('en-US') exist, so ('en') translations will be used.
[2016.09.03-19.29.58:683][  0]LogD3D11RHI: D3D11 adapters:
[2016.09.03-19.29.58:710][  0]LogD3D11RHI:    0. 'NVIDIA GeForce GTX 970M   ' (Feature Level 11_0)
[2016.09.03-19.29.58:710][  0]LogD3D11RHI:       6051/0/12264 MB DedicatedVideo/DedicatedSystem/SharedSystem, Outputs:2, VendorId:0x10de
[2016.09.03-19.29.58:711][  0]LogD3D11RHI:    1. 'Microsoft Basic Render Driver' (Feature Level 11_0)
[2016.09.03-19.29.58:711][  0]LogD3D11RHI:       0/0/12264 MB DedicatedVideo/DedicatedSystem/SharedSystem, Outputs:0, VendorId:0x1414
[2016.09.03-19.29.58:711][  0]LogD3D11RHI: Chosen D3D11 Adapter: 0
[2016.09.03-19.29.58:715][  0]LogD3D11RHI: Creating new Direct3DDevice
[2016.09.03-19.29.58:715][  0]LogD3D11RHI:     GPU DeviceId: 0x13d8 (for the marketing name, search the web for "GPU Device Id")
[2016.09.03-19.29.58:715][  0]LogWindows: EnumDisplayDevices:
[2016.09.03-19.29.58:715][  0]LogWindows:    0. 'NVIDIA GeForce GTX 970M   ' (P:0 D:1)
[2016.09.03-19.29.58:716][  0]LogWindows:    1. 'NVIDIA GeForce GTX 970M   ' (P:1 D:1)
[2016.09.03-19.29.58:716][  0]LogWindows:    2. 'NVIDIA GeForce GTX 970M   ' (P:0 D:0)
[2016.09.03-19.29.58:716][  0]LogWindows:    3. 'NVIDIA GeForce GTX 970M   ' (P:0 D:0)
[2016.09.03-19.29.58:716][  0]LogWindows: DebugString: FoundDriverCount:4 
[2016.09.03-19.29.58:716][  0]LogD3D11RHI:     Adapter Name: NVIDIA GeForce GTX 970M   
[2016.09.03-19.29.58:716][  0]LogD3D11RHI:   Driver Version: 353.62 (internal:10.18.13.5362, unified:353.62)
[2016.09.03-19.29.58:716][  0]LogD3D11RHI:      Driver Date: 7-22-2015
[2016.09.03-19.29.58:716][  0]LogRHI: Texture pool is 1361 MB (70% of 1945 MB)
[2016.09.03-19.29.58:729][  0]LogD3D11RHI: Async texture creation enabled
[2016.09.03-19.29.58:748][  0]LogD3D11RHI: GPU Timing Frequency: 1000.000000 (Debug: 2 2)
[2016.09.03-19.29.58:748][  0]LogShaderCompilers: Guid format shader working directory is -19 characters bigger than the processId version (../../../../../../Users/User/Documents/Unreal Projects/FrogGame/Intermediate/Shaders/WorkingDirectory/12492/).
[2016.09.03-19.29.58:748][  0]LogShaderCompilers: Cleaned the shader compiler working directory 'C:/Users/User/AppData/Local/Temp/UnrealShaderWorkingDir/6AFE4B0B491FF905591DCDAC7979D57B/'.
[2016.09.03-19.29.58:749][  0]LogShaderCompilers:Display: Using Local Shader Compiler.
[2016.09.03-19.30.00:883][  0]LogTemp:Display: Loaded TP AllDesktopTargetPlatform
[2016.09.03-19.30.00:892][  0]LogTemp:Display: Loaded TP WindowsClientTargetPlatform
[2016.09.03-19.30.00:900][  0]LogTemp:Display: Loaded TP WindowsNoEditorTargetPlatform
[2016.09.03-19.30.00:908][  0]LogTemp:Display: Loaded TP WindowsServerTargetPlatform
[2016.09.03-19.30.00:916][  0]LogTemp:Display: Loaded TP WindowsTargetPlatform
[2016.09.03-19.30.00:927][  0]LogTemp:Display: Loaded TP AndroidTargetPlatform
[2016.09.03-19.30.00:936][  0]LogTemp:Display: Loaded TP Android_ASTCTargetPlatform
[2016.09.03-19.30.00:943][  0]LogTemp:Display: Loaded TP Android_ATCTargetPlatform
[2016.09.03-19.30.00:951][  0]LogTemp:Display: Loaded TP Android_DXTTargetPlatform
[2016.09.03-19.30.00:959][  0]LogTemp:Display: Loaded TP Android_ETC1TargetPlatform
[2016.09.03-19.30.00:967][  0]LogTemp:Display: Loaded TP Android_ETC2TargetPlatform
[2016.09.03-19.30.00:983][  0]LogTemp:Display: Loaded TP Android_MultiTargetPlatform
[2016.09.03-19.30.00:983][  0]LogTemp:Display: Loaded TP Android_PVRTCTargetPlatform
[2016.09.03-19.30.00:985][  0]LogTemp:Display: Loaded TP HTML5TargetPlatform
[2016.09.03-19.30.01:039][  0]LogTemp:Display: Loaded TP IOSTargetPlatform
[2016.09.03-19.30.01:046][  0]LogTemp:Display: Loaded TP TVOSTargetPlatform
[2016.09.03-19.30.01:054][  0]LogTemp:Display: Loaded TP LinuxNoEditorTargetPlatform
[2016.09.03-19.30.01:062][  0]LogTemp:Display: Loaded TP LinuxServerTargetPlatform
[2016.09.03-19.30.01:074][  0]LogTemp:Display: Loaded TP LinuxTargetPlatform
[2016.09.03-19.30.01:074][  0]LogTargetPlatformManager:Display: Building Assets For Windows
[2016.09.03-19.30.01:447][  0]LogDerivedDataCache:Display: Max Cache Size: 512 MB
[2016.09.03-19.30.01:627][  0]LogDerivedDataCache: Loaded boot cache 0.18s 48MB C:/Users/User/AppData/Local/UnrealEngine/4.12/DerivedDataCache/Boot.ddc.
[2016.09.03-19.30.01:628][  0]LogDerivedDataCache:Display: Loaded Boot cache: C:/Users/User/AppData/Local/UnrealEngine/4.12/DerivedDataCache/Boot.ddc
[2016.09.03-19.30.01:628][  0]LogDerivedDataCache: FDerivedDataBackendGraph:  Pak pak cache file ../../../../../../Users/User/Documents/Unreal Projects/FrogGame/DerivedDataCache/DDC.ddp not found, will not use a pak cache.
[2016.09.03-19.30.01:628][  0]LogDerivedDataCache: Unable to find inner node Pak for hierarchical cache Hierarchy.
[2016.09.03-19.30.01:628][  0]LogDerivedDataCache: FDerivedDataBackendGraph:  CompressedPak pak cache file ../../../../../../Users/User/Documents/Unreal Projects/FrogGame/DerivedDataCache/Compressed.ddp not found, will not use a pak cache.
[2016.09.03-19.30.01:628][  0]LogDerivedDataCache: Unable to find inner node CompressedPak for hierarchical cache Hierarchy.
[2016.09.03-19.30.01:655][  0]LogDerivedDataCache:Display: Pak cache opened for reading ../../../Engine/DerivedDataCache/Compressed.ddp.
[2016.09.03-19.30.01:667][  0]LogDerivedDataCache: Using Local data cache path C:/Users/User/AppData/Local/UnrealEngine/Common/DerivedDataCache: Writable
[2016.09.03-19.30.04:944][  0]LogInit: Selected Device Profile: [Windows]
[2016.09.03-19.30.04:951][  0]LogContentStreaming: Texture pool size is 0.00 MB
[2016.09.03-19.30.05:395][  0]LogMeshUtilities: No automatic mesh reduction module available
[2016.09.03-19.30.05:395][  0]LogMeshUtilities: No automatic mesh merging module available
[2016.09.03-19.30.05:395][  0]LogMeshUtilities: No distributed automatic mesh merging module available
[2016.09.03-19.30.06:174][  0]LogAssetRegistry: FAssetRegistry took 0.0252 seconds to start up
[2016.09.03-19.30.06:210][  0]LogPackageLocalizationCache: Processed 3 localized package path(s) for 2 prioritized culture(s) in 0.030226 seconds
[2016.09.03-19.30.06:217][  0]LogUObjectArray: 28739 objects as part of root set at end of initial load.
[2016.09.03-19.30.06:217][  0]LogUObjectAllocator: 5855624 out of 0 bytes used by permanent object pool.
[2016.09.03-19.30.06:217][  0]LogUObjectArray: CloseDisregardForGC: 0/0 objects in disregard for GC pool
[2016.09.03-19.30.06:223][  0]LogInit: WinSock: version 1.1 (2.2), MaxSocks=32767, MaxUdp=65467
[2016.09.03-19.30.06:789][  0]LogSlate: SlateFontCache - WITH_FREETYPE: 1, WITH_HARFBUZZ: 1
[2016.09.03-19.30.06:790][  0]LogSlate: SlateFontCache - WITH_FREETYPE: 1, WITH_HARFBUZZ: 1
[2016.09.03-19.30.08:744][  0]LogUdpMessaging: Initializing bridge on interface 0.0.0.0:0 to multicast group 230.0.0.1:6666.
[2016.09.03-19.30.09:208][  0]SourceControl: Info Source control is disabled
[2016.09.03-19.30.09:209][  0]SourceControl: Info Source control is disabled
[2016.09.03-19.30.09:222][  0]SourceControl: Info Source control is disabled
[2016.09.03-19.30.09:232][  0]SourceControl: Info Source control is disabled
[2016.09.03-19.30.09:534][  0]LogEngine: Initializing Engine...
[2016.09.03-19.30.09:563][  0]LogHMD: SteamVR failed to initialize.  Err: 110
[2016.09.03-19.30.09:564][  0]LogHMD: SteamVR failed to initialize.  Err: 110
[2016.09.03-19.30.09:852][  0]LogAIModule: Creating AISystem for world NewWorld
[2016.09.03-19.30.09:878][  0]LogInit: XAudio2 using 'TSB-TV-C (NVIDIA High Definition Audio)' : 2 channels at 48 kHz using 16 bits per sample (channel mask 0x3)
[2016.09.03-19.30.09:896][  0]LogInit: FAudioDevice initialized.
[2016.09.03-19.30.09:921][  0]LogDerivedDataCache: Saved boot cache 0.03s 48MB C:/Users/User/AppData/Local/UnrealEngine/4.12/DerivedDataCache/Boot.ddc.
[2016.09.03-19.30.09:928][  0]LogInit: Texture streaming: Enabled
[2016.09.03-19.30.10:013][  0]LogInit: Transaction tracking system initialized
[2016.09.03-19.30.10:088][  0]BlueprintLog: New page: Editor Load
[2016.09.03-19.30.10:279][  0]LocalizationService: Info Localization service is disabled
[2016.09.03-19.30.10:391][  0]LogConsoleResponse:Display: 
[2016.09.03-19.30.10:787][  0]LogFileCache: Scanning file cache for directory 'C:/Users/User/Documents/Unreal Projects/FrogGame/Content/' took 0.01s
[2016.09.03-19.30.10:787][  0]LogCook:Display: Max memory allowance for cook 8192mb
[2016.09.03-19.30.10:787][  0]LogCook:Display: Mobile HDR setting 1
[2016.09.03-19.30.10:998][  0]SourceControl: Info Source control is disabled
[2016.09.03-19.30.11:002][  0]Cmd: MAP LOAD FILE="../../../../../../Users/User/Documents/Unreal Projects/FrogGame/Content/Maps/Overworld.umap" TEMPLATE=0 SHOWPROGRESS=1 FEATURELEVEL=3
[2016.09.03-19.30.11:010][  0]LightingResults: New page: Lighting Build
[2016.09.03-19.30.11:023][  0]MapCheck: New page: Map Check
[2016.09.03-19.30.11:023][  0]LightingResults: New page: Lighting Build
[2016.09.03-19.30.12:394][  0]LogAIModule: Creating AISystem for world Overworld
[2016.09.03-19.30.12:576][  0]LogEditorServer: Finished looking for orphan Actors (0.000 secs)
[2016.09.03-19.30.12:579][  0]Cmd: MAP CHECKDEP NOCLEARLOG
[2016.09.03-19.30.12:622][  0]MapCheck: Info Map check complete: 0 Error(s), 0 Warning(s), took 43.732ms to complete.
[2016.09.03-19.30.12:622][  0]LogFileHelpers: Loading map 'Overworld' took 1.623
[2016.09.03-19.30.12:901][  0]LogCollectionManager: Loaded 1 collections in 0.013673 seconds
[2016.09.03-19.30.12:970][  0]LogFileCache: Scanning file cache for directory 'C:/Users/User/Documents/Unreal Projects/FrogGame/Saved/Collections/' took 0.01s
[2016.09.03-19.30.12:970][  0]LogFileCache: Scanning file cache for directory 'C:/Users/User/Documents/Unreal Projects/FrogGame/Content/Developers/User/Collections/' took 0.01s
[2016.09.03-19.30.12:970][  0]LogFileCache: Scanning file cache for directory 'C:/Users/User/Documents/Unreal Projects/FrogGame/Content/Collections/' took 0.01s
[2016.09.03-19.30.12:970][  0]LogCollectionManager: Rebuilt the GUID cache for 1 collections in 0.000005 seconds
[2016.09.03-19.30.12:971][  0]LogCollectionManager: Rebuilt the hierarchy cache for 1 collections in 0.000000 seconds
[2016.09.03-19.30.12:982][  0]LogContentBrowser: Native class hierarchy populated in 0.0082 seconds. Added 2047 classes and 369 folders.
[2016.09.03-19.30.12:991][  0]LogStats: UGameplayTagsManager::ConstructGameplayTagTree: Construct from data asset -  0.000 s
[2016.09.03-19.30.12:991][  0]LogStats: UGameplayTagsManager::ConstructGameplayTagTree: GameplayTagTreeChangedEvent.Broadcast -  0.001 s
[2016.09.03-19.30.12:992][  0]LogContentBrowser: Native class hierarchy updated for 'GameplayTags' in 0.0004 seconds. Added 12 classes and 0 folders.
[2016.09.03-19.30.12:999][  0]LogContentBrowser: Native class hierarchy updated for 'WidgetCarousel' in 0.0004 seconds. Added 0 classes and 0 folders.
[2016.09.03-19.30.13:307][  0]LogContentBrowser: Native class hierarchy updated for 'AddContentDialog' in 0.0004 seconds. Added 0 classes and 0 folders.
[2016.09.03-19.30.13:319][  0]LogContentBrowser: Native class hierarchy updated for 'SceneOutliner' in 0.0004 seconds. Added 1 classes and 2 folders.
[2016.09.03-19.30.13:497][  0]LogCrashTracker: Crashtracker disabled due to settings.
[2016.09.03-19.30.13:517][  0]LogUObjectGlobals:Warning: Failed to find object 'Class None.'
[2016.09.03-19.30.13:552][  0]LogContentBrowser: Native class hierarchy updated for 'HierarchicalLODOutliner' in 0.0004 seconds. Added 1 classes and 2 folders.
[2016.09.03-19.30.13:552][  0]LogLoad: Full Startup: 17.23 seconds (BP compile: 0.33 seconds)
[2016.09.03-19.30.13:552][  0]LogExternalProfiler: Found external profiler: VSPerf
[2016.09.03-19.30.13:552][  0]LogExternalProfiler: Using external profiler: VSPerf
[2016.09.03-19.30.13:571][  0]LogOcInput: OculusInput pre-init called
[2016.09.03-19.30.13:601][  0]LogContentStreaming: Texture pool size now 1000 MB
[2016.09.03-19.30.13:839][  0]LogRenderer: Reallocating scene render targets to support 1208x580 (Frame:2).
[2016.09.03-19.30.13:947][  1]LogAssetRegistry: Asset discovery search completed in 7.7957 seconds
[2016.09.03-19.30.13:947][  1]LogCollectionManager: Rebuilt the object cache for 1 collections in 0.000005 seconds (found 0 objects)
[2016.09.03-19.30.13:947][  1]LogCollectionManager: Fixed up redirectors for 1 collections in 0.000021 seconds (updated 0 objects)
[2016.09.04-00.37.58:033][585]Cmd: QUIT_EDITOR
[2016.09.04-00.37.58:065][585]LogWindowsTextInputMethodSystem:Display: IME system now deactivated.
[2016.09.04-00.37.58:092][585]LogExit: Preparing to exit.
[2016.09.04-00.37.58:721][585]LogExit: Editor shut down
[2016.09.04-00.37.58:721][585]LogExit: Transaction tracking system shut down
[2016.09.04-00.37.58:827][585]LogObj: Freed 0b from 0 cluster array pools.
[2016.09.04-00.37.58:827][585]LogExit: Object subsystem successfully closed.
[2016.09.04-00.37.58:852][585]LogD3D11RHI: Shutdown
[2016.09.04-00.37.58:852][585]LogD3D11RHI: CleanupD3DDevice
[2016.09.04-00.37.58:890][585]LogD3D11RHI: ~FD3D11DynamicRHI
[2016.09.04-00.37.58:901][585]LogModuleManager: Shutting down and abandoning module HierarchicalLODOutliner (213)
[2016.09.04-00.37.58:901][585]LogModuleManager: Shutting down and abandoning module CrashTracker (212)
[2016.09.04-00.37.58:901][585]LogModuleManager: Shutting down and abandoning module SceneOutliner (211)
[2016.09.04-00.37.58:901][585]LogModuleManager: Shutting down and abandoning module WidgetCarousel (210)
[2016.09.04-00.37.58:901][585]LogModuleManager: Shutting down and abandoning module AddContentDialog (209)
[2016.09.04-00.37.58:902][585]LogModuleManager: Shutting down and abandoning module GameplayTags (208)
[2016.09.04-00.37.58:902][585]LogModuleManager: Shutting down and abandoning module EditorWidgets (207)
[2016.09.04-00.37.58:902][585]LogModuleManager: Shutting down and abandoning module CollectionManager (206)
[2016.09.04-00.37.58:902][585]LogModuleManager: Shutting down and abandoning module StatsViewer (205)
[2016.09.04-00.37.58:902][585]LogModuleManager: Shutting down and abandoning module FoliageEdit (204)
[2016.09.04-00.37.58:903][585]LogModuleManager: Shutting down and abandoning module LandscapeEditor (203)
[2016.09.04-00.37.58:903][585]LogModuleManager: Shutting down and abandoning module SceneDepthPickerMode (202)
[2016.09.04-00.37.58:903][585]LogModuleManager: Shutting down and abandoning module ActorPickerMode (201)
[2016.09.04-00.37.58:903][585]LogModuleManager: Shutting down and abandoning module GeometryMode (200)
[2016.09.04-00.37.58:903][585]LogModuleManager: Shutting down and abandoning module TextureAlignMode (199)
[2016.09.04-00.37.58:903][585]LogModuleManager: Shutting down and abandoning module BspMode (198)
[2016.09.04-00.37.58:903][585]LogModuleManager: Shutting down and abandoning module HardwareSurvey (197)
[2016.09.04-00.37.58:903][585]LogModuleManager: Shutting down and abandoning module SequenceRecorderSections (196)
[2016.09.04-00.37.58:903][585]LogModuleManager: Shutting down and abandoning module SequenceRecorder (195)
[2016.09.04-00.37.58:903][585]LogModuleManager: Shutting down and abandoning module AutomationWorker (194)
[2016.09.04-00.37.58:903][585]LogModuleManager: Shutting down and abandoning module MatineeToLevelSequence (193)
[2016.09.04-00.37.58:903][585]LogModuleManager: Shutting down and abandoning module PlacementMode (192)
[2016.09.04-00.37.58:903][585]LogModuleManager: Shutting down and abandoning module LevelSequenceEditor (191)
[2016.09.04-00.37.58:903][585]LogModuleManager: Shutting down and abandoning module CharacterAI (190)
[2016.09.04-00.37.58:903][585]LogModuleManager: Shutting down and abandoning module SmartSnapping (189)
[2016.09.04-00.37.58:903][585]LogModuleManager: Shutting down and abandoning module SessionServices (188)
[2016.09.04-00.37.58:903][585]LogModuleManager: Shutting down and abandoning module ViewportSnapping (187)
[2016.09.04-00.37.58:903][585]LogModuleManager: Shutting down and abandoning module LogVisualizer (186)
[2016.09.04-00.37.58:903][585]LogModuleManager: Shutting down and abandoning module GameProjectGeneration (185)
[2016.09.04-00.37.58:903][585]LogModuleManager: Shutting down and abandoning module IntroTutorials (184)
[2016.09.04-00.37.58:903][585]LogModuleManager: Shutting down and abandoning module EditorLiveStreaming (183)
[2016.09.04-00.37.58:903][585]LogModuleManager: Shutting down and abandoning module IOSPlatformEditor (182)
[2016.09.04-00.37.58:903][585]LogModuleManager: Shutting down and abandoning module HTML5PlatformEditor (181)
[2016.09.04-00.37.58:903][585]LogModuleManager: Shutting down and abandoning module AndroidDeviceDetection (180)
[2016.09.04-00.37.58:915][585]LogModuleManager: Shutting down and abandoning module AndroidPlatformEditor (179)
[2016.09.04-00.37.58:915][585]LogModuleManager: Shutting down and abandoning module IOSRuntimeSettings (178)
[2016.09.04-00.37.58:915][585]LogModuleManager: Shutting down and abandoning module AndroidRuntimeSettings (177)
[2016.09.04-00.37.58:915][585]LogModuleManager: Shutting down and abandoning module MergeActors (176)
[2016.09.04-00.37.58:915][585]LogModuleManager: Shutting down and abandoning module SizeMap (175)
[2016.09.04-00.37.58:915][585]LogModuleManager: Shutting down and abandoning module TreeMap (174)
[2016.09.04-00.37.58:915][585]LogModuleManager: Shutting down and abandoning module ReferenceViewer (173)
[2016.09.04-00.37.58:915][585]LogModuleManager: Shutting down and abandoning module LocalizationService (172)
[2016.09.04-00.37.58:915][585]LogModuleManager: Shutting down and abandoning module LocalizationDashboard (171)
[2016.09.04-00.37.58:915][585]LogModuleManager: Shutting down and abandoning module HardwareTargeting (170)
[2016.09.04-00.37.58:915][585]LogModuleManager: Shutting down and abandoning module DeviceProfileEditor (169)
[2016.09.04-00.37.58:915][585]LogModuleManager: Shutting down and abandoning module UndoHistory (168)
[2016.09.04-00.37.58:915][585]LogModuleManager: Shutting down and abandoning module UserFeedback (167)
[2016.09.04-00.37.58:915][585]LogModuleManager: Shutting down and abandoning module XmlParser (166)
[2016.09.04-00.37.58:915][585]LogModuleManager: Shutting down and abandoning module Blutility (165)
[2016.09.04-00.37.58:915][585]LogModuleManager: Shutting down and abandoning module ProjectTargetPlatformEditor (164)
[2016.09.04-00.37.58:915][585]LogModuleManager: Shutting down and abandoning module ProjectSettingsViewer (163)
[2016.09.04-00.37.58:916][585]LogModuleManager: Shutting down and abandoning module InputBindingEditor (162)
[2016.09.04-00.37.58:916][585]LogModuleManager: Shutting down and abandoning module EditorSettingsViewer (161)
[2016.09.04-00.37.58:916][585]LogModuleManager: Shutting down and abandoning module SettingsEditor (160)
[2016.09.04-00.37.58:916][585]LogModuleManager: Shutting down and abandoning module ProjectLauncher (159)
[2016.09.04-00.37.58:916][585]LogModuleManager: Shutting down and abandoning module SessionFrontend (158)
[2016.09.04-00.37.58:916][585]LogModuleManager: Shutting down and abandoning module ProfilerClient (157)
[2016.09.04-00.37.58:916][585]LogModuleManager: Shutting down and abandoning module TargetDeviceServices (156)
[2016.09.04-00.37.58:916][585]LogModuleManager: Shutting down and abandoning module DeviceManager (155)
[2016.09.04-00.37.58:971][585]LogModuleManager: Shutting down and abandoning module AutomationController (154)
[2016.09.04-00.37.58:971][585]LogModuleManager: Shutting down and abandoning module AutomationWindow (153)
[2016.09.04-00.37.58:971][585]LogModuleManager: Shutting down and abandoning module Layers (152)
[2016.09.04-00.37.58:971][585]LogModuleManager: Shutting down and abandoning module ComponentVisualizers (151)
[2016.09.04-00.37.58:971][585]LogModuleManager: Shutting down and abandoning module DetailCustomizations (150)
[2016.09.04-00.37.58:971][585]LogModuleManager: Shutting down and abandoning module PackagesDialog (149)
[2016.09.04-00.37.58:971][585]LogModuleManager: Shutting down and abandoning module Persona (148)
[2016.09.04-00.37.58:971][585]LogModuleManager: Shutting down and abandoning module Kismet (147)
[2016.09.04-00.37.58:971][585]LogModuleManager: Shutting down and abandoning module GraphEditor (146)
[2016.09.04-00.37.58:971][585]LogModuleManager: Shutting down and abandoning module ClassViewer (145)
[2016.09.04-00.37.58:971][585]LogModuleManager: Shutting down and abandoning module Toolbox (144)
[2016.09.04-00.37.58:971][585]LogModuleManager: Shutting down and abandoning module ModuleUI (143)
[2016.09.04-00.37.58:971][585]LogModuleManager: Shutting down and abandoning module MovieSceneTools (142)
[2016.09.04-00.37.58:971][585]LogModuleManager: Shutting down and abandoning module OutputLog (141)
[2016.09.04-00.37.58:971][585]LogModuleManager: Shutting down and abandoning module GammaUI (140)
[2016.09.04-00.37.58:971][585]LogModuleManager: Shutting down and abandoning module Documentation (139)
[2016.09.04-00.37.58:971][585]LogModuleManager: Shutting down and abandoning module StreamingPauseRendering (138)
[2016.09.04-00.37.58:971][585]LogModuleManager: Shutting down and abandoning module AnalyticsET (137)
[2016.09.04-00.37.58:971][585]LogModuleManager: Shutting down and abandoning module Analytics (136)
[2016.09.04-00.37.58:971][585]LogModuleManager: Shutting down and abandoning module PortalServices (135)
[2016.09.04-00.37.58:971][585]LogModuleManager: Shutting down and abandoning module PortalRpc (134)
[2016.09.04-00.37.58:971][585]LogModuleManager: Shutting down and abandoning module MessagingRpc (133)
[2016.09.04-00.37.58:971][585]LogModuleManager: Shutting down and abandoning module GameplayDebugger (132)
[2016.09.04-00.37.58:971][585]LogModuleManager: Shutting down and abandoning module AITestSuite (131)
[2016.09.04-00.37.58:971][585]LogModuleManager: Shutting down and abandoning module AIModule (130)
[2016.09.04-00.37.58:971][585]LogModuleManager: Shutting down and abandoning module ProfilerService (129)
[2016.09.04-00.37.59:064][585]LogModuleManager: Shutting down and abandoning module TaskGraph (128)
[2016.09.04-00.37.59:064][585]LogModuleManager: Shutting down and abandoning module SlateRemote (127)
[2016.09.04-00.37.59:064][585]LogModuleManager: Shutting down and abandoning module SteamVRController (126)
[2016.09.04-00.37.59:064][585]LogModuleManager: Shutting down and abandoning module SteamVR (125)
[2016.09.04-00.37.59:064][585]LogModuleManager: Shutting down and abandoning module ProceduralMeshComponent (124)
[2016.09.04-00.37.59:064][585]LogModuleManager: Shutting down and abandoning module OculusLibrary (123)
[2016.09.04-00.37.59:064][585]LogModuleManager: Shutting down and abandoning module OculusInput (122)
[2016.09.04-00.37.59:064][585]LogModuleManager: Shutting down and abandoning module CustomMeshComponent (121)
[2016.09.04-00.37.59:064][585]LogModuleManager: Shutting down and abandoning module CableComponent (120)
[2016.09.04-00.37.59:064][585]LogModuleManager: Shutting down and abandoning module ArchVisCharacter (119)
[2016.09.04-00.37.59:064][585]LogModuleManager: Shutting down and abandoning module MediaPlayerEditor (118)
[2016.09.04-00.37.59:064][585]LogModuleManager: Shutting down and abandoning module HTML5Networking (117)
[2016.09.04-00.37.59:064][585]LogModuleManager: Shutting down and abandoning module SuperSearch (116)
[2016.09.04-00.37.59:064][585]LogModuleManager: Shutting down and abandoning module SuperSearchEditor (115)
[2016.09.04-00.37.59:064][585]LogModuleManager: Shutting down and abandoning module SpeedTreeImporter (114)
[2016.09.04-00.37.59:064][585]LogModuleManager: Shutting down and abandoning module PluginBrowser (113)
[2016.09.04-00.37.59:065][585]LogModuleManager: Shutting down and abandoning module EpicSurvey (112)
[2016.09.04-00.37.59:065][585]LogModuleManager: Shutting down and abandoning module DesktopPlatform (111)
[2016.09.04-00.37.59:065][585]LogModuleManager: Shutting down and abandoning module VisualStudioSourceCodeAccess (110)
[2016.09.04-00.37.59:065][585]LogModuleManager: Shutting down and abandoning module UObjectPlugin (109)
[2016.09.04-00.37.59:065][585]LogModuleManager: Shutting down and abandoning module SubversionSourceControl (108)
[2016.09.04-00.37.59:065][585]LogModuleManager: Shutting down and abandoning module PerforceSourceControl (107)
[2016.09.04-00.37.59:065][585]LogModuleManager: Shutting down and abandoning module SourceControl (106)
[2016.09.04-00.37.59:065][585]LogModuleManager: Shutting down and abandoning module GitSourceControl (105)
[2016.09.04-00.37.59:065][585]LogModuleManager: Shutting down and abandoning module LightPropagationVolumeEditor (104)
[2016.09.04-00.37.59:065][585]LogModuleManager: Shutting down and abandoning module PaperTiledImporter (103)
[2016.09.04-00.37.59:065][585]LogModuleManager: Shutting down and abandoning module PaperSpriteSheetImporter (102)
[2016.09.04-00.37.59:065][585]LogModuleManager: Shutting down and abandoning module MeshPaint (101)
[2016.09.04-00.37.59:065][585]LogModuleManager: Shutting down and abandoning module PixelInspectorModule (100)
[2016.09.04-00.37.59:065][585]LogModuleManager: Shutting down and abandoning module HotReload (99)
[2016.09.04-00.37.59:065][585]LogModuleManager: Shutting down and abandoning module MainFrame (98)
[2016.09.04-00.37.59:065][585]LogModuleManager: Shutting down and abandoning module LevelEditor (97)
[2016.09.04-00.37.59:066][585]LogModuleManager: Shutting down and abandoning module ContentBrowser (96)
[2016.09.04-00.37.59:067][585]LogModuleManager: Shutting down and abandoning module Paper2DEditor (95)
[2016.09.04-00.37.59:067][585]LogModuleManager: Shutting down and abandoning module UdpMessaging (94)
[2016.09.04-00.37.59:168][585]LogModuleManager: Shutting down and abandoning module LightPropagationVolumeRuntime (93)
[2016.09.04-00.37.59:168][585]LogModuleManager: Shutting down and abandoning module Paper2D (92)
[2016.09.04-00.37.59:168][585]LogModuleManager: Shutting down and abandoning module WindowsMoviePlayer (91)
[2016.09.04-00.37.59:168][585]LogModuleManager: Shutting down and abandoning module Media (90)
[2016.09.04-00.37.59:168][585]LogModuleManager: Shutting down and abandoning module WmfMedia (89)
[2016.09.04-00.37.59:168][585]LogModuleManager: Shutting down and abandoning module MediaAssets (88)
[2016.09.04-00.37.59:168][585]LogModuleManager: Shutting down and abandoning module GameLiveStreaming (87)
[2016.09.04-00.37.59:168][585]LogModuleManager: Shutting down and abandoning module GameplayTagsEditor (86)
[2016.09.04-00.37.59:168][585]LogModuleManager: Shutting down and abandoning module OnlineBlueprintSupport (85)
[2016.09.04-00.37.59:168][585]LogModuleManager: Shutting down and abandoning module VREditor (84)
[2016.09.04-00.37.59:168][585]LogModuleManager: Shutting down and abandoning module GameplayTasksEditor (83)
[2016.09.04-00.37.59:168][585]LogModuleManager: Shutting down and abandoning module PropertyEditor (82)
[2016.09.04-00.37.59:168][585]LogModuleManager: Shutting down and abandoning module BehaviorTreeEditor (81)
[2016.09.04-00.37.59:168][585]LogModuleManager: Shutting down and abandoning module FunctionalTesting (80)
[2016.09.04-00.37.59:168][585]LogModuleManager: Shutting down and abandoning module CollisionAnalyzer (79)
[2016.09.04-00.37.59:168][585]LogModuleManager: Shutting down and abandoning module Sequencer (78)
[2016.09.04-00.37.59:169][585]LogModuleManager: Shutting down and abandoning module WorkspaceMenuStructure (77)
[2016.09.04-00.37.59:169][585]LogModuleManager: Shutting down and abandoning module MessageLog (76)
[2016.09.04-00.37.59:169][585]LogModuleManager: Shutting down and abandoning module AssetTools (75)
[2016.09.04-00.37.59:169][585]LogModuleManager: Shutting down and abandoning module UMGEditor (74)
[2016.09.04-00.37.59:169][585]LogModuleManager: Shutting down and abandoning module UMG (73)
[2016.09.04-00.37.59:169][585]LogModuleManager: Shutting down and abandoning module SlateReflector (72)
[2016.09.04-00.37.59:169][585]LogModuleManager: Shutting down and abandoning module Slate (71)
[2016.09.04-00.37.59:169][585]LogModuleManager: Shutting down and abandoning module EditorStyle (70)
[2016.09.04-00.37.59:171][585]LogModuleManager: Shutting down and abandoning module SourceCodeAccess (69)
[2016.09.04-00.37.59:171][585]LogModuleManager: Shutting down and abandoning module HeadMountedDisplay (68)
[2016.09.04-00.37.59:171][585]LogModuleManager: Shutting down and abandoning module XAudio2 (67)
[2016.09.04-00.37.59:171][585]LogModuleManager: Shutting down and abandoning module Networking (65)
[2016.09.04-00.37.59:171][585]LogModuleManager: Shutting down and abandoning module Core (64)
[2016.09.04-00.37.59:171][585]LogModuleManager: Shutting down and abandoning module DirectoryWatcher (63)
[2016.09.04-00.37.59:173][585]LogModuleManager: Shutting down and abandoning module AssetRegistry (62)
[2016.09.04-00.37.59:365][585]LogModuleManager: Shutting down and abandoning module KismetCompiler (61)
[2016.09.04-00.37.59:365][585]LogModuleManager: Shutting down and abandoning module PhysXFormats (60)
[2016.09.04-00.37.59:365][585]LogModuleManager: Shutting down and abandoning module MeshUtilities (59)
[2016.09.04-00.37.59:365][585]LogModuleManager: Shutting down and abandoning module DerivedDataCache (58)
[2016.09.04-00.37.59:411][585]LogDerivedDataCache: Shutdown
[2016.09.04-00.37.59:411][585]LogModuleManager: Shutting down and abandoning module VulkanShaderFormat (57)
[2016.09.04-00.37.59:411][585]LogModuleManager: Shutting down and abandoning module ShaderFormatOpenGL (56)
[2016.09.04-00.37.59:411][585]LogModuleManager: Shutting down and abandoning module ShaderFormatD3D (55)
[2016.09.04-00.37.59:411][585]LogModuleManager: Shutting down and abandoning module MetalShaderFormat (54)
[2016.09.04-00.37.59:411][585]LogModuleManager: Shutting down and abandoning module TextureFormatUncompressed (53)
[2016.09.04-00.37.59:411][585]LogModuleManager: Shutting down and abandoning module TextureFormatPVR (52)
[2016.09.04-00.37.59:411][585]LogModuleManager: Shutting down and abandoning module TextureFormatIntelISPCTexComp (51)
[2016.09.04-00.37.59:411][585]LogModuleManager: Shutting down and abandoning module TextureFormatDXT (50)
[2016.09.04-00.37.59:411][585]LogModuleManager: Shutting down and abandoning module ImageWrapper (49)
[2016.09.04-00.37.59:411][585]LogModuleManager: Shutting down and abandoning module TextureFormatASTC (48)
[2016.09.04-00.37.59:411][585]LogModuleManager: Shutting down and abandoning module TextureFormatAndroid (47)
[2016.09.04-00.37.59:411][585]LogModuleManager: Shutting down and abandoning module AudioFormatOpus (46)
[2016.09.04-00.37.59:411][585]LogModuleManager: Shutting down and abandoning module AudioFormatOgg (45)
[2016.09.04-00.37.59:411][585]LogModuleManager: Shutting down and abandoning module AudioFormatADPCM (44)
[2016.09.04-00.37.59:411][585]LogModuleManager: Shutting down and abandoning module LinuxTargetPlatform (43)
[2016.09.04-00.37.59:411][585]LogModuleManager: Shutting down and abandoning module LinuxServerTargetPlatform (42)
[2016.09.04-00.37.59:411][585]LogModuleManager: Shutting down and abandoning module LinuxNoEditorTargetPlatform (41)
[2016.09.04-00.37.59:411][585]LogModuleManager: Shutting down and abandoning module TVOSTargetPlatform (40)
[2016.09.04-00.37.59:411][585]LogModuleManager: Shutting down and abandoning module Messaging (39)
[2016.09.04-00.37.59:411][585]LogModuleManager: Shutting down and abandoning module IOSTargetPlatform (38)
[2016.09.04-00.37.59:411][585]LogModuleManager: Shutting down and abandoning module HTML5TargetPlatform (37)
[2016.09.04-00.37.59:411][585]LogModuleManager: Shutting down and abandoning module Android_PVRTCTargetPlatform (36)
[2016.09.04-00.37.59:411][585]LogModuleManager: Shutting down and abandoning module Android_MultiTargetPlatform (35)
[2016.09.04-00.37.59:411][585]LogModuleManager: Shutting down and abandoning module Android_ETC2TargetPlatform (34)
[2016.09.04-00.37.59:411][585]LogModuleManager: Shutting down and abandoning module Android_ETC1TargetPlatform (33)
[2016.09.04-00.37.59:411][585]LogModuleManager: Shutting down and abandoning module Android_DXTTargetPlatform (32)
[2016.09.04-00.37.59:411][585]LogModuleManager: Shutting down and abandoning module Android_ATCTargetPlatform (31)
[2016.09.04-00.37.59:411][585]LogModuleManager: Shutting down and abandoning module Android_ASTCTargetPlatform (30)
[2016.09.04-00.37.59:411][585]LogModuleManager: Shutting down and abandoning module AndroidTargetPlatform (29)
[2016.09.04-00.37.59:411][585]LogModuleManager: Shutting down and abandoning module WindowsTargetPlatform (28)
[2016.09.04-00.37.59:411][585]LogModuleManager: Shutting down and abandoning module WindowsServerTargetPlatform (27)
[2016.09.04-00.37.59:411][585]LogModuleManager: Shutting down and abandoning module WindowsNoEditorTargetPlatform (26)
[2016.09.04-00.37.59:411][585]LogModuleManager: Shutting down and abandoning module WindowsClientTargetPlatform (25)
[2016.09.04-00.37.59:411][585]LogModuleManager: Shutting down and abandoning module AllDesktopTargetPlatform (24)
[2016.09.04-00.37.59:411][585]LogModuleManager: Shutting down and abandoning module TargetPlatform (23)
[2016.09.04-00.37.59:411][585]LogModuleManager: Shutting down and abandoning module InputCore (22)
[2016.09.04-00.37.59:411][585]LogModuleManager: Shutting down and abandoning module Settings (21)
[2016.09.04-00.37.59:411][585]LogModuleManager: Shutting down and abandoning module OnlineSubsystem (19)
[2016.09.04-00.37.59:411][585]LogModuleManager: Shutting down and abandoning module HTTP (18)
[2016.09.04-00.38.03:918][585]LogModuleManager: Shutting down and abandoning module XMPP (17)
[2016.09.04-00.38.03:918][585]LogModuleManager: Shutting down and abandoning module OculusRift (16)
[2016.09.04-00.38.03:918][585]LogModuleManager: Shutting down and abandoning module ExampleDeviceProfileSelector (15)
[2016.09.04-00.38.03:918][585]LogModuleManager: Shutting down and abandoning module TextureCompressor (14)
[2016.09.04-00.38.03:918][585]LogModuleManager: Shutting down and abandoning module ShaderCore (13)
[2016.09.04-00.38.03:918][585]LogModuleManager: Shutting down and abandoning module Landscape (12)
[2016.09.04-00.38.03:918][585]LogModuleManager: Shutting down and abandoning module SlateRHIRenderer (11)
[2016.09.04-00.38.03:919][585]LogModuleManager: Shutting down and abandoning module OpenGLDrv (10)
[2016.09.04-00.38.03:919][585]LogModuleManager: Shutting down and abandoning module D3D11RHI (9)
[2016.09.04-00.38.03:919][585]LogModuleManager: Shutting down and abandoning module AnimGraphRuntime (8)
[2016.09.04-00.38.03:919][585]LogModuleManager: Shutting down and abandoning module Renderer (7)
[2016.09.04-00.38.03:919][585]LogModuleManager: Shutting down and abandoning module Engine (6)
[2016.09.04-00.38.03:919][585]LogModuleManager: Shutting down and abandoning module CoreUObject (5)
[2016.09.04-00.38.03:919][585]LogModuleManager: Shutting down and abandoning module NetworkFile (4)
[2016.09.04-00.38.03:919][585]LogModuleManager: Shutting down and abandoning module StreamingFile (3)
[2016.09.04-00.38.03:919][585]LogModuleManager: Shutting down and abandoning module SandboxFile (2)
[2016.09.04-00.38.03:919][585]LogModuleManager: Shutting down and abandoning module PakFile (1)
[2016.09.04-00.38.03:921][585]LogExit: Exiting.
[2016.09.04-00.38.03:922][585]Log file closed, 09/03/16 17:38:03
